This file contains any messages produced by compilers while
running configure, to aid debugging if configure makes a mistake.

It was created by hello.c configure 1.0, which was
generated by GNU Autoconf 2.69.  Invocation command line was

  $ ./configure 

## --------- ##
## Platform. ##
## --------- ##

hostname = AlogondeMacBook-Air.local
uname -m = x86_64
uname -r = 17.5.0
uname -s = Darwin
uname -v = Darwin Kernel Version 17.5.0: Mon Mar  5 22:24:32 PST 2018; root:xnu-4570.51.1~1/RELEASE_X86_64

/usr/bin/uname -p = i386
/bin/uname -X     = unknown

/bin/arch              = unknown
/usr/bin/arch -k       = unknown
/usr/convex/getsysinfo = unknown
/usr/bin/hostinfo      = Mach kernel version:
	 Darwin Kernel Version 17.5.0: Mon Mar  5 22:24:32 PST 2018; root:xnu-4570.51.1~1/RELEASE_X86_64
Kernel configured for up to 4 processors.
2 processors are physically available.
4 processors are logically available.
Processor type: x86_64h (Intel x86-64h Haswell)
Processors active: 0 1 2 3
Primary memory available: 8.00 gigabytes
Default processor set: 367 tasks, 1463 threads, 4 processors
Load average: 1.84, Mach factor: 2.14
/bin/machine           = unknown
/usr/bin/oslevel       = unknown
/bin/universe          = unknown

PATH: /anaconda3/bin
PATH: /anaconda2/bin
PATH: /opt/local/bin
PATH: /opt/local/sbin
PATH: /Library/Frameworks/Python.framework/Versions/2.7/bin
PATH: /usr/local/bin
PATH: /usr/bin
PATH: /bin
PATH: /usr/sbin
PATH: /sbin
PATH: /Library/TeX/texbin


## ----------- ##
## Core tests. ##
## ----------- ##

configure:1833: checking for gcc
configure:1849: found /usr/bin/gcc
configure:1860: result: gcc
configure:2089: checking for C compiler version
configure:2098: gcc --version >&5
Apple LLVM version 9.1.0 (clang-902.0.39.2)
Target: x86_64-apple-darwin17.5.0
Thread model: posix
InstalledDir: /Library/Developer/CommandLineTools/usr/bin
Configured with: --prefix=/Library/Developer/CommandLineTools/usr --with-gxx-include-dir=/usr/include/c++/4.2.1
configure:2109: $? = 0
configure:2098: gcc -v >&5
Configured with: --prefix=/Library/Developer/CommandLineTools/usr --with-gxx-include-dir=/usr/include/c++/4.2.1
Apple LLVM version 9.1.0 (clang-902.0.39.2)
Target: x86_64-apple-darwin17.5.0
Thread model: posix
InstalledDir: /Library/Developer/CommandLineTools/usr/bin
configure:2109: $? = 0
configure:2098: gcc -V >&5
clang: error: argument to '-V' is missing (expected 1 value)
clang: error: no input files
configure:2109: $? = 1
configure:2098: gcc -qversion >&5
clang: error: unknown argument: '-qversion'
clang: error: no input files
configure:2109: $? = 1
configure:2129: checking whether the C compiler works
configure:2151: gcc    conftest.c  >&5
configure:2155: $? = 0
configure:2203: result: yes
configure:2206: checking for C compiler default output file name
configure:2208: result: a.out
configure:2214: checking for suffix of executables
configure:2221: gcc -o conftest    conftest.c  >&5
configure:2225: $? = 0
configure:2247: result: 
configure:2269: checking whether we are cross compiling
configure:2277: gcc -o conftest    conftest.c  >&5
configure:2281: $? = 0
configure:2288: ./conftest
configure:2292: $? = 0
configure:2307: result: no
configure:2312: checking for suffix of object files
configure:2334: gcc -c   conftest.c >&5
configure:2338: $? = 0
configure:2359: result: o
configure:2363: checking whether we are using the GNU C compiler
configure:2382: gcc -c   conftest.c >&5
configure:2382: $? = 0
configure:2391: result: yes
configure:2400: checking whether gcc accepts -g
configure:2420: gcc -c -g  conftest.c >&5
configure:2420: $? = 0
configure:2461: result: yes
configure:2478: checking for gcc option to accept ISO C89
configure:2541: gcc  -c -g -O2  conftest.c >&5
configure:2541: $? = 0
configure:2554: result: none needed
configure:2611: checking whether gcc understands -c and -o together
configure:2633: gcc -c conftest.c -o conftest2.o
configure:2636: $? = 0
configure:2633: gcc -c conftest.c -o conftest2.o
configure:2636: $? = 0
configure:2648: result: yes
configure:2682: checking for a BSD-compatible install
configure:2750: result: /usr/bin/install -c
configure:2761: checking whether build environment is sane
configure:2816: result: yes
configure:2964: checking for a thread-safe mkdir -p
configure:3003: result: ./install-sh -c -d
configure:3010: checking for gawk
configure:3040: result: no
configure:3010: checking for mawk
configure:3040: result: no
configure:3010: checking for nawk
configure:3040: result: no
configure:3010: checking for awk
configure:3026: found /usr/bin/awk
configure:3037: result: awk
configure:3048: checking whether make sets $(MAKE)
configure:3070: result: yes
configure:3092: checking whether make supports the include directive
configure:3107: make -f confmf.GNU && cat confinc.out
this is the am__doit target
configure:3110: $? = 0
configure:3129: result: yes (GNU style)
configure:3162: checking whether make supports nested variables
configure:3179: result: yes
configure:3264: checking dependency style of gcc
configure:3375: result: gcc3
configure:3588: checking that generated files are newer than configure
configure:3594: result: done
configure:3617: creating ./config.status

## ---------------------- ##
## Running config.status. ##
## ---------------------- ##

This file was extended by hello.c config.status 1.0, which was
generated by GNU Autoconf 2.69.  Invocation command line was

  CONFIG_FILES    = 
  CONFIG_HEADERS  = 
  CONFIG_LINKS    = 
  CONFIG_COMMANDS = 
  $ ./config.status 

on AlogondeMacBook-Air.local

config.status:772: creating Makefile
config.status:944: executing depfiles commands
config.status:1021: cd .       && sed -e '/# am--include-marker/d' Makefile         | make -f - am--depfiles
make: Nothing to be done for 'am--depfiles'.
config.status:1026: $? = 0

## ---------------- ##
## Cache variables. ##
## ---------------- ##

ac_cv_c_compiler_gnu=yes
ac_cv_env_CC_set=
ac_cv_env_CC_value=
ac_cv_env_CFLAGS_set=
ac_cv_env_CFLAGS_value=
ac_cv_env_CPPFLAGS_set=
ac_cv_env_CPPFLAGS_value=
ac_cv_env_LDFLAGS_set=
ac_cv_env_LDFLAGS_value=
ac_cv_env_LIBS_set=
ac_cv_env_LIBS_value=
ac_cv_env_build_alias_set=
ac_cv_env_build_alias_value=
ac_cv_env_host_alias_set=
ac_cv_env_host_alias_value=
ac_cv_env_target_alias_set=
ac_cv_env_target_alias_value=
ac_cv_objext=o
ac_cv_path_install='/usr/bin/install -c'
ac_cv_prog_AWK=awk
ac_cv_prog_ac_ct_CC=gcc
ac_cv_prog_cc_c89=
ac_cv_prog_cc_g=yes
ac_cv_prog_make_make_set=yes
am_cv_CC_dependencies_compiler_type=gcc3
am_cv_make_support_nested_variables=yes
am_cv_prog_cc_c_o=yes

## ----------------- ##
## Output variables. ##
## ----------------- ##

ACLOCAL='${SHELL} /Users/alogon/par2018/src/hello/missing aclocal-1.16'
AMDEPBACKSLASH='\'
AMDEP_FALSE='#'
AMDEP_TRUE=''
AMTAR='$${TAR-tar}'
AM_BACKSLASH='\'
AM_DEFAULT_V='$(AM_DEFAULT_VERBOSITY)'
AM_DEFAULT_VERBOSITY='1'
AM_V='$(V)'
AUTOCONF='${SHELL} /Users/alogon/par2018/src/hello/missing autoconf'
AUTOHEADER='${SHELL} /Users/alogon/par2018/src/hello/missing autoheader'
AUTOMAKE='${SHELL} /Users/alogon/par2018/src/hello/missing automake-1.16'
AWK='awk'
CC='gcc'
CCDEPMODE='depmode=gcc3'
CFLAGS='-g -O2'
CPPFLAGS=''
CYGPATH_W='echo'
DEFS='-DPACKAGE_NAME=\"hello.c\" -DPACKAGE_TARNAME=\"hello-c\" -DPACKAGE_VERSION=\"1.0\" -DPACKAGE_STRING=\"hello.c\ 1.0\" -DPACKAGE_BUGREPORT=\"\" -DPACKAGE_URL=\"\" -DPACKAGE=\"hello-c\" -DVERSION=\"1.0\"'
DEPDIR='.deps'
ECHO_C='\c'
ECHO_N=''
ECHO_T=''
EXEEXT=''
INSTALL_DATA='${INSTALL} -m 644'
INSTALL_PROGRAM='${INSTALL}'
INSTALL_SCRIPT='${INSTALL}'
INSTALL_STRIP_PROGRAM='$(install_sh) -c -s'
LDFLAGS=''
LIBOBJS=''
LIBS=''
LTLIBOBJS=''
MAKEINFO='${SHELL} /Users/alogon/par2018/src/hello/missing makeinfo'
MKDIR_P='./install-sh -c -d'
OBJEXT='o'
PACKAGE='hello-c'
PACKAGE_BUGREPORT=''
PACKAGE_NAME='hello.c'
PACKAGE_STRING='hello.c 1.0'
PACKAGE_TARNAME='hello-c'
PACKAGE_URL=''
PACKAGE_VERSION='1.0'
PATH_SEPARATOR=':'
SET_MAKE=''
SHELL='/bin/sh'
STRIP=''
VERSION='1.0'
ac_ct_CC='gcc'
am__EXEEXT_FALSE=''
am__EXEEXT_TRUE='#'
am__fastdepCC_FALSE='#'
am__fastdepCC_TRUE=''
am__include='include'
am__isrc=''
am__leading_dot='.'
am__nodep='_no'
am__quote=''
am__tar='$${TAR-tar} chof - "$$tardir"'
am__untar='$${TAR-tar} xf -'
bindir='${exec_prefix}/bin'
build_alias=''
datadir='${datarootdir}'
datarootdir='${prefix}/share'
docdir='${datarootdir}/doc/${PACKAGE_TARNAME}'
dvidir='${docdir}'
exec_prefix='${prefix}'
host_alias=''
htmldir='${docdir}'
includedir='${prefix}/include'
infodir='${datarootdir}/info'
install_sh='${SHELL} /Users/alogon/par2018/src/hello/install-sh'
libdir='${exec_prefix}/lib'
libexecdir='${exec_prefix}/libexec'
localedir='${datarootdir}/locale'
localstatedir='${prefix}/var'
mandir='${datarootdir}/man'
mkdir_p='$(MKDIR_P)'
oldincludedir='/usr/include'
pdfdir='${docdir}'
prefix='/usr/local'
program_transform_name='s,x,x,'
psdir='${docdir}'
sbindir='${exec_prefix}/sbin'
sharedstatedir='${prefix}/com'
sysconfdir='${prefix}/etc'
target_alias=''

## ----------- ##
## confdefs.h. ##
## ----------- ##

/* confdefs.h */
#define PACKAGE_NAME "hello.c"
#define PACKAGE_TARNAME "hello-c"
#define PACKAGE_VERSION "1.0"
#define PACKAGE_STRING "hello.c 1.0"
#define PACKAGE_BUGREPORT ""
#define PACKAGE_URL ""
#define PACKAGE "hello-c"
#define VERSION "1.0"

configure: exit 0
