This file contains any messages produced by compilers while
running configure, to aid debugging if configure makes a mistake.

It was created by GNU Libtool configure 2.4.6, which was
generated by GNU Autoconf 2.69.  Invocation command line was

  $ ./configure --prefix=/usr/local/autotools-bin

## --------- ##
## Platform. ##
## --------- ##

hostname = AlogondeMacBook-Air.local
uname -m = x86_64
uname -r = 17.5.0
uname -s = Darwin
uname -v = Darwin Kernel Version 17.5.0: Mon Mar  5 22:24:32 PST 2018; root:xnu-4570.51.1~1/RELEASE_X86_64

/usr/bin/uname -p = i386
/bin/uname -X     = unknown

/bin/arch              = unknown
/usr/bin/arch -k       = unknown
/usr/convex/getsysinfo = unknown
/usr/bin/hostinfo      = Mach kernel version:
	 Darwin Kernel Version 17.5.0: Mon Mar  5 22:24:32 PST 2018; root:xnu-4570.51.1~1/RELEASE_X86_64
Kernel configured for up to 4 processors.
2 processors are physically available.
4 processors are logically available.
Processor type: x86_64h (Intel x86-64h Haswell)
Processors active: 0 1 2 3
Primary memory available: 8.00 gigabytes
Default processor set: 378 tasks, 1826 threads, 4 processors
Load average: 1.38, Mach factor: 2.61
/bin/machine           = unknown
/usr/bin/oslevel       = unknown
/bin/universe          = unknown

PATH: /anaconda3/bin
PATH: /anaconda2/bin
PATH: /opt/local/bin
PATH: /opt/local/sbin
PATH: /Library/Frameworks/Python.framework/Versions/2.7/bin
PATH: /usr/local/bin
PATH: /usr/bin
PATH: /bin
PATH: /usr/sbin
PATH: /sbin
PATH: /Library/TeX/texbin
PATH: /usr/local/autotools-bin/bin


## ----------- ##
## Core tests. ##
## ----------- ##

configure:2687: checking for GNU M4 that supports accurate traces
configure:2736: result: /usr/bin/m4
configure:2739: checking whether /usr/bin/m4 accepts --gnu
configure:2749: result: no
configure:2760: WARNING: the version of M4 that was found does not support -g
configure:2762: WARNING: using it with POSIXLY_CORRECT set may cause problems
configure:2766: checking how m4 supports trace files
configure:2776: result: --error-output
configure:2803: checking for a BSD-compatible install
configure:2871: result: /usr/bin/install -c
configure:2882: checking whether build environment is sane
configure:2937: result: yes
configure:3088: checking for a thread-safe mkdir -p
configure:3127: result: build-aux/install-sh -c -d
configure:3134: checking for gawk
configure:3164: result: no
configure:3134: checking for mawk
configure:3164: result: no
configure:3134: checking for nawk
configure:3164: result: no
configure:3134: checking for awk
configure:3150: found /usr/bin/awk
configure:3161: result: awk
configure:3172: checking whether make sets $(MAKE)
configure:3194: result: yes
configure:3223: checking whether make supports nested variables
configure:3240: result: yes
configure:3377: checking whether make supports nested variables
configure:3394: result: yes
configure:3419: checking build system type
configure:3433: result: x86_64-apple-darwin17.5.0
configure:3453: checking host system type
configure:3466: result: x86_64-apple-darwin17.5.0
configure:3493: autobuild project... GNU Libtool
configure:3499: autobuild revision... 2.4.6
configure:3504: autobuild hostname... AlogondeMacBook-Air.local
configure:3508: autobuild mode... default
configure:3516: autobuild timestamp... 20181020T092646Z
configure:3606: checking for gcc
configure:3622: found /usr/bin/gcc
configure:3633: result: gcc
configure:3862: checking for C compiler version
configure:3871: gcc --version >&5
Apple LLVM version 9.1.0 (clang-902.0.39.2)
Target: x86_64-apple-darwin17.5.0
Thread model: posix
InstalledDir: /Library/Developer/CommandLineTools/usr/bin
Configured with: --prefix=/Library/Developer/CommandLineTools/usr --with-gxx-include-dir=/usr/include/c++/4.2.1
configure:3882: $? = 0
configure:3871: gcc -v >&5
Configured with: --prefix=/Library/Developer/CommandLineTools/usr --with-gxx-include-dir=/usr/include/c++/4.2.1
Apple LLVM version 9.1.0 (clang-902.0.39.2)
Target: x86_64-apple-darwin17.5.0
Thread model: posix
InstalledDir: /Library/Developer/CommandLineTools/usr/bin
configure:3882: $? = 0
configure:3871: gcc -V >&5
clang: error: argument to '-V' is missing (expected 1 value)
clang: error: no input files
configure:3882: $? = 1
configure:3871: gcc -qversion >&5
clang: error: unknown argument: '-qversion'
clang: error: no input files
configure:3882: $? = 1
configure:3902: checking whether the C compiler works
configure:3924: gcc    conftest.c  >&5
configure:3928: $? = 0
configure:3976: result: yes
configure:3979: checking for C compiler default output file name
configure:3981: result: a.out
configure:3987: checking for suffix of executables
configure:3994: gcc -o conftest    conftest.c  >&5
configure:3998: $? = 0
configure:4020: result: 
configure:4042: checking whether we are cross compiling
configure:4050: gcc -o conftest    conftest.c  >&5
configure:4054: $? = 0
configure:4061: ./conftest
configure:4065: $? = 0
configure:4080: result: no
configure:4085: checking for suffix of object files
configure:4107: gcc -c   conftest.c >&5
configure:4111: $? = 0
configure:4132: result: o
configure:4136: checking whether we are using the GNU C compiler
configure:4155: gcc -c   conftest.c >&5
configure:4155: $? = 0
configure:4164: result: yes
configure:4173: checking whether gcc accepts -g
configure:4193: gcc -c -g  conftest.c >&5
configure:4193: $? = 0
configure:4234: result: yes
configure:4251: checking for gcc option to accept ISO C89
configure:4314: gcc  -c -g -O2  conftest.c >&5
configure:4314: $? = 0
configure:4327: result: none needed
configure:4352: checking whether gcc understands -c and -o together
configure:4374: gcc -c conftest.c -o conftest2.o
configure:4377: $? = 0
configure:4374: gcc -c conftest.c -o conftest2.o
configure:4377: $? = 0
configure:4389: result: yes
configure:4417: checking for style of include used by make
configure:4445: result: GNU
configure:4471: checking dependency style of gcc
configure:4582: result: gcc3
configure:4603: checking how to run the C preprocessor
configure:4634: gcc -E  conftest.c
configure:4634: $? = 0
configure:4648: gcc -E  conftest.c
conftest.c:11:10: fatal error: 'ac_nonexistent.h' file not found
#include <ac_nonexistent.h>
         ^~~~~~~~~~~~~~~~~~
1 error generated.
configure:4648: $? = 1
configure: failed program was:
| /* confdefs.h */
| #define PACKAGE_NAME "GNU Libtool"
| #define PACKAGE_TARNAME "libtool"
| #define PACKAGE_VERSION "2.4.6"
| #define PACKAGE_STRING "GNU Libtool 2.4.6"
| #define PACKAGE_BUGREPORT "bug-libtool@gnu.org"
| #define PACKAGE_URL "http://www.gnu.org/software/libtool/"
| #define PACKAGE "libtool"
| #define VERSION "2.4.6"
| /* end confdefs.h.  */
| #include <ac_nonexistent.h>
configure:4673: result: gcc -E
configure:4693: gcc -E  conftest.c
configure:4693: $? = 0
configure:4707: gcc -E  conftest.c
conftest.c:11:10: fatal error: 'ac_nonexistent.h' file not found
#include <ac_nonexistent.h>
         ^~~~~~~~~~~~~~~~~~
1 error generated.
configure:4707: $? = 1
configure: failed program was:
| /* confdefs.h */
| #define PACKAGE_NAME "GNU Libtool"
| #define PACKAGE_TARNAME "libtool"
| #define PACKAGE_VERSION "2.4.6"
| #define PACKAGE_STRING "GNU Libtool 2.4.6"
| #define PACKAGE_BUGREPORT "bug-libtool@gnu.org"
| #define PACKAGE_URL "http://www.gnu.org/software/libtool/"
| #define PACKAGE "libtool"
| #define VERSION "2.4.6"
| /* end confdefs.h.  */
| #include <ac_nonexistent.h>
configure:4736: checking for grep that handles long lines and -e
configure:4794: result: /usr/bin/grep
configure:4799: checking for egrep
configure:4861: result: /usr/bin/grep -E
configure:4868: checking for Minix Amsterdam compiler
configure:4892: result: no
configure:4944: checking for ar
configure:4960: found /usr/bin/ar
configure:4971: result: ar
configure:5051: checking for ranlib
configure:5067: found /usr/bin/ranlib
configure:5078: result: ranlib
configure:5131: checking how to run the C preprocessor
configure:5201: result: gcc -E
configure:5221: gcc -E  conftest.c
configure:5221: $? = 0
configure:5235: gcc -E  conftest.c
conftest.c:11:10: fatal error: 'ac_nonexistent.h' file not found
#include <ac_nonexistent.h>
         ^~~~~~~~~~~~~~~~~~
1 error generated.
configure:5235: $? = 1
configure: failed program was:
| /* confdefs.h */
| #define PACKAGE_NAME "GNU Libtool"
| #define PACKAGE_TARNAME "libtool"
| #define PACKAGE_VERSION "2.4.6"
| #define PACKAGE_STRING "GNU Libtool 2.4.6"
| #define PACKAGE_BUGREPORT "bug-libtool@gnu.org"
| #define PACKAGE_URL "http://www.gnu.org/software/libtool/"
| #define PACKAGE "libtool"
| #define VERSION "2.4.6"
| /* end confdefs.h.  */
| #include <ac_nonexistent.h>
configure:5313: checking how to print strings
configure:5340: result: printf
configure:5361: checking for a sed that does not truncate output
configure:5425: result: /usr/bin/sed
configure:5443: checking for fgrep
configure:5505: result: /usr/bin/grep -F
configure:5540: checking for ld used by gcc
configure:5607: result: /Library/Developer/CommandLineTools/usr/bin/ld
configure:5614: checking if the linker (/Library/Developer/CommandLineTools/usr/bin/ld) is GNU ld
configure:5629: result: no
configure:5641: checking for BSD- or MS-compatible name lister (nm)
configure:5695: result: /usr/bin/nm -B
configure:5825: checking the name lister (/usr/bin/nm -B) interface
configure:5832: gcc -c -g -O2  conftest.c >&5
configure:5835: /usr/bin/nm -B "conftest.o"
configure:5838: output
0000000000000200 S _some_variable
configure:5845: result: BSD nm
configure:5848: checking whether ln -s works
configure:5852: result: yes
configure:5860: checking the maximum length of command line arguments
configure:5991: result: 196608
configure:6039: checking how to convert x86_64-apple-darwin17.5.0 file names to x86_64-apple-darwin17.5.0 format
configure:6079: result: func_convert_file_noop
configure:6086: checking how to convert x86_64-apple-darwin17.5.0 file names to toolchain format
configure:6106: result: func_convert_file_noop
configure:6113: checking for /Library/Developer/CommandLineTools/usr/bin/ld option to reload object files
configure:6120: result: -r
configure:6194: checking for objdump
configure:6210: found /usr/bin/objdump
configure:6221: result: objdump
configure:6250: checking how to recognize dependent libraries
configure:6450: result: pass_all
configure:6535: checking for dlltool
configure:6565: result: no
configure:6592: checking how to associate runtime and link libraries
configure:6619: result: printf %s\n
configure:6743: checking for archiver @FILE support
configure:6760: gcc -c -g -O2  conftest.c >&5
configure:6760: $? = 0
configure:6763: ar cru libconftest.a @conftest.lst >&5
ar: @conftest.lst: No such file or directory
configure:6766: $? = 1
configure:6786: result: no
configure:6844: checking for strip
configure:6860: found /usr/bin/strip
configure:6871: result: strip
configure:6943: checking for ranlib
configure:6970: result: ranlib
configure:7072: checking command to parse /usr/bin/nm -B output from gcc object
configure:7225: gcc -c -g -O2  conftest.c >&5
configure:7228: $? = 0
configure:7232: /usr/bin/nm -B conftest.o \| sed -n -e 's/^.*[ ]\([BCDEGRST][BCDEGRST]*\)[ ][ ]*\([_A-Za-z][_A-Za-z0-9]*\)$/\1 \2 \2/p' | sed '/ __gnu_lto/d' \> conftest.nm
configure:7235: $? = 0
cannot find nm_test_var in conftest.nm
configure:7225: gcc -c -g -O2  conftest.c >&5
configure:7228: $? = 0
configure:7232: /usr/bin/nm -B conftest.o \| sed -n -e 's/^.*[ ]\([BCDEGRST][BCDEGRST]*\)[ ][ ]*_\([_A-Za-z][_A-Za-z0-9]*\)$/\1 _\2 \2/p' | sed '/ __gnu_lto/d' \> conftest.nm
configure:7235: $? = 0
configure:7301: gcc -o conftest -g -O2   conftest.c conftstm.o >&5
warning: (x86_64)  could not find object file symbol for symbol _main
configure:7304: $? = 0
configure:7342: result: ok
configure:7389: checking for sysroot
configure:7419: result: no
configure:7426: checking for a working dd
configure:7464: result: /bin/dd
configure:7468: checking how to truncate binary pipes
configure:7483: result: /bin/dd bs=4096 count=1
configure:7812: checking for mt
configure:7842: result: no
configure:7862: checking if : is a manifest tool
configure:7868: : '-?'
configure:7876: result: no
configure:7932: checking for dsymutil
configure:7948: found /usr/bin/dsymutil
configure:7959: result: dsymutil
configure:8024: checking for nmedit
configure:8040: found /usr/bin/nmedit
configure:8051: result: nmedit
configure:8116: checking for lipo
configure:8132: found /usr/bin/lipo
configure:8143: result: lipo
configure:8208: checking for otool
configure:8224: found /usr/bin/otool
configure:8235: result: otool
configure:8300: checking for otool64
configure:8330: result: no
configure:8375: checking for -single_module linker flag
gcc -g -O2  -o libconftest.dylib -dynamiclib -Wl,-single_module conftest.c
configure:8408: result: yes
configure:8411: checking for -exported_symbols_list linker flag
configure:8431: gcc -o conftest -g -O2   -Wl,-exported_symbols_list,conftest.sym conftest.c  >&5
configure:8431: $? = 0
configure:8441: result: yes
configure:8444: checking for -force_load linker flag
gcc -g -O2 -c -o conftest.o conftest.c
ar cru libconftest.a conftest.o
ranlib libconftest.a
gcc -g -O2  -o conftest conftest.c -Wl,-force_load,./libconftest.a
configure:8476: result: yes
configure:8548: checking for ANSI C header files
configure:8568: gcc -c -g -O2  conftest.c >&5
configure:8568: $? = 0
configure:8641: gcc -o conftest -g -O2   conftest.c  >&5
configure:8641: $? = 0
configure:8641: ./conftest
configure:8641: $? = 0
configure:8652: result: yes
configure:8665: checking for sys/types.h
configure:8665: gcc -c -g -O2  conftest.c >&5
configure:8665: $? = 0
configure:8665: result: yes
configure:8665: checking for sys/stat.h
configure:8665: gcc -c -g -O2  conftest.c >&5
configure:8665: $? = 0
configure:8665: result: yes
configure:8665: checking for stdlib.h
configure:8665: gcc -c -g -O2  conftest.c >&5
configure:8665: $? = 0
configure:8665: result: yes
configure:8665: checking for string.h
configure:8665: gcc -c -g -O2  conftest.c >&5
configure:8665: $? = 0
configure:8665: result: yes
configure:8665: checking for memory.h
configure:8665: gcc -c -g -O2  conftest.c >&5
configure:8665: $? = 0
configure:8665: result: yes
configure:8665: checking for strings.h
configure:8665: gcc -c -g -O2  conftest.c >&5
configure:8665: $? = 0
configure:8665: result: yes
configure:8665: checking for inttypes.h
configure:8665: gcc -c -g -O2  conftest.c >&5
configure:8665: $? = 0
configure:8665: result: yes
configure:8665: checking for stdint.h
configure:8665: gcc -c -g -O2  conftest.c >&5
configure:8665: $? = 0
configure:8665: result: yes
configure:8665: checking for unistd.h
configure:8665: gcc -c -g -O2  conftest.c >&5
configure:8665: $? = 0
configure:8665: result: yes
configure:8679: checking for dlfcn.h
configure:8679: gcc -c -g -O2  conftest.c >&5
configure:8679: $? = 0
configure:8679: result: yes
configure:9232: checking for objdir
configure:9247: result: .libs
configure:9511: checking if gcc supports -fno-rtti -fno-exceptions
configure:9529: gcc -c -g -O2  -fno-rtti -fno-exceptions conftest.c >&5
configure:9533: $? = 0
configure:9546: result: yes
configure:9904: checking for gcc option to produce PIC
configure:9911: result: -fno-common -DPIC
configure:9919: checking if gcc PIC flag -fno-common -DPIC works
configure:9937: gcc -c -g -O2  -fno-common -DPIC -DPIC conftest.c >&5
configure:9941: $? = 0
configure:9954: result: yes
configure:9983: checking if gcc static flag -static works
configure:10011: result: no
configure:10026: checking if gcc supports -c -o file.o
configure:10047: gcc -c -g -O2  -o out/conftest2.o conftest.c >&5
configure:10051: $? = 0
configure:10073: result: yes
configure:10081: checking if gcc supports -c -o file.o
configure:10128: result: yes
configure:10161: checking whether the gcc linker (/Library/Developer/CommandLineTools/usr/bin/ld) supports shared libraries
configure:11420: result: yes
configure:11660: checking dynamic linker characteristics
configure:12478: result: darwin17.5.0 dyld
configure:12600: checking how to hardcode library paths into programs
configure:12625: result: immediate
configure:12670: checking for dlopen in -ldl
configure:12695: gcc -o conftest -g -O2   conftest.c -ldl   >&5
configure:12695: $? = 0
configure:12704: result: yes
configure:12927: checking whether a program can dlopen itself
configure:13007: gcc -o conftest -g -O2  -DHAVE_DLFCN_H   conftest.c -ldl  >&5
configure:13010: $? = 0
configure:13028: result: yes
configure:13033: checking whether a statically linked program can dlopen itself
configure:13113: gcc -o conftest -g -O2  -DHAVE_DLFCN_H    conftest.c -ldl  >&5
configure:13116: $? = 0
configure:13134: result: yes
configure:13173: checking whether stripping libraries is possible
configure:13187: result: yes
configure:13213: checking if libtool supports shared libraries
configure:13215: result: yes
configure:13218: checking whether to build shared libraries
configure:13243: result: yes
configure:13246: checking whether to build static libraries
configure:13250: result: yes
configure:13288: checking what extension is used for runtime loadable modules
configure:13300: result: .so
configure:13324: checking what variable specifies run-time module search path
configure:13331: result: DYLD_LIBRARY_PATH
configure:13341: checking for the default library search path
configure:13348: result: /usr/local/lib /lib /usr/lib
configure:13379: checking for library containing dlopen
configure:13410: gcc -o conftest -g -O2   conftest.c  >&5
configure:13410: $? = 0
configure:13427: result: none required
configure:13517: checking for dlerror
configure:13517: gcc -o conftest -g -O2   conftest.c   >&5
configure:13517: $? = 0
configure:13517: result: yes
configure:13531: checking for shl_load
configure:13531: gcc -o conftest -g -O2   conftest.c  >&5
Undefined symbols for architecture x86_64:
  "_shl_load", referenced from:
      _main in conftest-683184.o
ld: symbol(s) not found for architecture x86_64
clang: error: linker command failed with exit code 1 (use -v to see invocation)
configure:13531: $? = 1
configure: failed program was:
| /* confdefs.h */
| #define PACKAGE_NAME "GNU Libtool"
| #define PACKAGE_TARNAME "libtool"
| #define PACKAGE_VERSION "2.4.6"
| #define PACKAGE_STRING "GNU Libtool 2.4.6"
| #define PACKAGE_BUGREPORT "bug-libtool@gnu.org"
| #define PACKAGE_URL "http://www.gnu.org/software/libtool/"
| #define PACKAGE "libtool"
| #define VERSION "2.4.6"
| #define STDC_HEADERS 1
| #define HAVE_SYS_TYPES_H 1
| #define HAVE_SYS_STAT_H 1
| #define HAVE_STDLIB_H 1
| #define HAVE_STRING_H 1
| #define HAVE_MEMORY_H 1
| #define HAVE_STRINGS_H 1
| #define HAVE_INTTYPES_H 1
| #define HAVE_STDINT_H 1
| #define HAVE_UNISTD_H 1
| #define HAVE_DLFCN_H 1
| #define LT_OBJDIR ".libs/"
| #define LT_MODULE_EXT ".so"
| #define LT_SHARED_EXT ".dylib"
| #define LT_MODULE_PATH_VAR "DYLD_LIBRARY_PATH"
| #define LT_DLSEARCH_PATH "/usr/local/lib:/lib:/usr/lib"
| #define HAVE_LIBDL 1
| #define HAVE_DLERROR 1
| /* end confdefs.h.  */
| /* Define shl_load to an innocuous variant, in case <limits.h> declares shl_load.
|    For example, HP-UX 11i <limits.h> declares gettimeofday.  */
| #define shl_load innocuous_shl_load
| 
| /* System header to define __stub macros and hopefully few prototypes,
|     which can conflict with char shl_load (); below.
|     Prefer <limits.h> to <assert.h> if __STDC__ is defined, since
|     <limits.h> exists even on freestanding compilers.  */
| 
| #ifdef __STDC__
| # include <limits.h>
| #else
| # include <assert.h>
| #endif
| 
| #undef shl_load
| 
| /* Override any GCC internal prototype to avoid an error.
|    Use char because int might match the return type of a GCC
|    builtin and then its argument prototype would still apply.  */
| #ifdef __cplusplus
| extern "C"
| #endif
| char shl_load ();
| /* The GNU C library defines this for functions which it implements
|     to always fail with ENOSYS.  Some functions are actually named
|     something starting with __ and the normal name is an alias.  */
| #if defined __stub_shl_load || defined __stub___shl_load
| choke me
| #endif
| 
| int
| main ()
| {
| return shl_load ();
|   ;
|   return 0;
| }
configure:13531: result: no
configure:13538: checking for shl_load in -ldld
configure:13563: gcc -o conftest -g -O2   conftest.c -ldld   >&5
ld: library not found for -ldld
clang: error: linker command failed with exit code 1 (use -v to see invocation)
configure:13563: $? = 1
configure: failed program was:
| /* confdefs.h */
| #define PACKAGE_NAME "GNU Libtool"
| #define PACKAGE_TARNAME "libtool"
| #define PACKAGE_VERSION "2.4.6"
| #define PACKAGE_STRING "GNU Libtool 2.4.6"
| #define PACKAGE_BUGREPORT "bug-libtool@gnu.org"
| #define PACKAGE_URL "http://www.gnu.org/software/libtool/"
| #define PACKAGE "libtool"
| #define VERSION "2.4.6"
| #define STDC_HEADERS 1
| #define HAVE_SYS_TYPES_H 1
| #define HAVE_SYS_STAT_H 1
| #define HAVE_STDLIB_H 1
| #define HAVE_STRING_H 1
| #define HAVE_MEMORY_H 1
| #define HAVE_STRINGS_H 1
| #define HAVE_INTTYPES_H 1
| #define HAVE_STDINT_H 1
| #define HAVE_UNISTD_H 1
| #define HAVE_DLFCN_H 1
| #define LT_OBJDIR ".libs/"
| #define LT_MODULE_EXT ".so"
| #define LT_SHARED_EXT ".dylib"
| #define LT_MODULE_PATH_VAR "DYLD_LIBRARY_PATH"
| #define LT_DLSEARCH_PATH "/usr/local/lib:/lib:/usr/lib"
| #define HAVE_LIBDL 1
| #define HAVE_DLERROR 1
| /* end confdefs.h.  */
| 
| /* Override any GCC internal prototype to avoid an error.
|    Use char because int might match the return type of a GCC
|    builtin and then its argument prototype would still apply.  */
| #ifdef __cplusplus
| extern "C"
| #endif
| char shl_load ();
| int
| main ()
| {
| return shl_load ();
|   ;
|   return 0;
| }
configure:13572: result: no
configure:13618: checking for dld_link in -ldld
configure:13643: gcc -o conftest -g -O2   conftest.c -ldld   >&5
ld: library not found for -ldld
clang: error: linker command failed with exit code 1 (use -v to see invocation)
configure:13643: $? = 1
configure: failed program was:
| /* confdefs.h */
| #define PACKAGE_NAME "GNU Libtool"
| #define PACKAGE_TARNAME "libtool"
| #define PACKAGE_VERSION "2.4.6"
| #define PACKAGE_STRING "GNU Libtool 2.4.6"
| #define PACKAGE_BUGREPORT "bug-libtool@gnu.org"
| #define PACKAGE_URL "http://www.gnu.org/software/libtool/"
| #define PACKAGE "libtool"
| #define VERSION "2.4.6"
| #define STDC_HEADERS 1
| #define HAVE_SYS_TYPES_H 1
| #define HAVE_SYS_STAT_H 1
| #define HAVE_STDLIB_H 1
| #define HAVE_STRING_H 1
| #define HAVE_MEMORY_H 1
| #define HAVE_STRINGS_H 1
| #define HAVE_INTTYPES_H 1
| #define HAVE_STDINT_H 1
| #define HAVE_UNISTD_H 1
| #define HAVE_DLFCN_H 1
| #define LT_OBJDIR ".libs/"
| #define LT_MODULE_EXT ".so"
| #define LT_SHARED_EXT ".dylib"
| #define LT_MODULE_PATH_VAR "DYLD_LIBRARY_PATH"
| #define LT_DLSEARCH_PATH "/usr/local/lib:/lib:/usr/lib"
| #define HAVE_LIBDL 1
| #define HAVE_DLERROR 1
| /* end confdefs.h.  */
| 
| /* Override any GCC internal prototype to avoid an error.
|    Use char because int might match the return type of a GCC
|    builtin and then its argument prototype would still apply.  */
| #ifdef __cplusplus
| extern "C"
| #endif
| char dld_link ();
| int
| main ()
| {
| return dld_link ();
|   ;
|   return 0;
| }
configure:13652: result: no
configure:13687: checking for _ prefix in compiled symbols
configure:13697: gcc -c -g -O2  conftest.c >&5
conftest.c:2:12: warning: expression result unused [-Wunused-value]
int main(){nm_test_func;return 0;}
           ^~~~~~~~~~~~
1 warning generated.
configure:13700: $? = 0
configure:13704: /usr/bin/nm -B conftest.o \| sed -n -e 's/^.*[	 ]\([BCDEGRST][BCDEGRST]*\)[	 ][	 ]*_\([_A-Za-z][_A-Za-z0-9]*\)$/\1 _\2 \2/p' | sed '/ __gnu_lto/d' \> conftest.nm
configure:13707: $? = 0
configure:13729: result: yes
configure:13736: checking whether we have to add an underscore for dlsym
configure:13818: gcc -o conftest -g -O2   conftest.c   >&5
configure:13821: $? = 0
configure:13835: result: no
configure:13846: checking whether deplibs are loaded by dlopen
configure:13943: result: yes
configure:13954: checking for argz.h
configure:13954: gcc -c -g -O2  conftest.c >&5
conftest.c:64:10: fatal error: 'argz.h' file not found
#include <argz.h>
         ^~~~~~~~
1 error generated.
configure:13954: $? = 1
configure: failed program was:
| /* confdefs.h */
| #define PACKAGE_NAME "GNU Libtool"
| #define PACKAGE_TARNAME "libtool"
| #define PACKAGE_VERSION "2.4.6"
| #define PACKAGE_STRING "GNU Libtool 2.4.6"
| #define PACKAGE_BUGREPORT "bug-libtool@gnu.org"
| #define PACKAGE_URL "http://www.gnu.org/software/libtool/"
| #define PACKAGE "libtool"
| #define VERSION "2.4.6"
| #define STDC_HEADERS 1
| #define HAVE_SYS_TYPES_H 1
| #define HAVE_SYS_STAT_H 1
| #define HAVE_STDLIB_H 1
| #define HAVE_STRING_H 1
| #define HAVE_MEMORY_H 1
| #define HAVE_STRINGS_H 1
| #define HAVE_INTTYPES_H 1
| #define HAVE_STDINT_H 1
| #define HAVE_UNISTD_H 1
| #define HAVE_DLFCN_H 1
| #define LT_OBJDIR ".libs/"
| #define LT_MODULE_EXT ".so"
| #define LT_SHARED_EXT ".dylib"
| #define LT_MODULE_PATH_VAR "DYLD_LIBRARY_PATH"
| #define LT_DLSEARCH_PATH "/usr/local/lib:/lib:/usr/lib"
| #define HAVE_LIBDL 1
| #define HAVE_DLERROR 1
| #define HAVE_LIBDLLOADER 1
| /* end confdefs.h.  */
| #include <stdio.h>
| #ifdef HAVE_SYS_TYPES_H
| # include <sys/types.h>
| #endif
| #ifdef HAVE_SYS_STAT_H
| # include <sys/stat.h>
| #endif
| #ifdef STDC_HEADERS
| # include <stdlib.h>
| # include <stddef.h>
| #else
| # ifdef HAVE_STDLIB_H
| #  include <stdlib.h>
| # endif
| #endif
| #ifdef HAVE_STRING_H
| # if !defined STDC_HEADERS && defined HAVE_MEMORY_H
| #  include <memory.h>
| # endif
| # include <string.h>
| #endif
| #ifdef HAVE_STRINGS_H
| # include <strings.h>
| #endif
| #ifdef HAVE_INTTYPES_H
| # include <inttypes.h>
| #endif
| #ifdef HAVE_STDINT_H
| # include <stdint.h>
| #endif
| #ifdef HAVE_UNISTD_H
| # include <unistd.h>
| #endif
| 
| #include <argz.h>
configure:13954: result: no
configure:13966: checking for error_t
configure:13966: gcc -c -g -O2  conftest.c >&5
conftest.c:37:13: error: use of undeclared identifier 'error_t'
if (sizeof (error_t))
            ^
1 error generated.
configure:13966: $? = 1
configure: failed program was:
| /* confdefs.h */
| #define PACKAGE_NAME "GNU Libtool"
| #define PACKAGE_TARNAME "libtool"
| #define PACKAGE_VERSION "2.4.6"
| #define PACKAGE_STRING "GNU Libtool 2.4.6"
| #define PACKAGE_BUGREPORT "bug-libtool@gnu.org"
| #define PACKAGE_URL "http://www.gnu.org/software/libtool/"
| #define PACKAGE "libtool"
| #define VERSION "2.4.6"
| #define STDC_HEADERS 1
| #define HAVE_SYS_TYPES_H 1
| #define HAVE_SYS_STAT_H 1
| #define HAVE_STDLIB_H 1
| #define HAVE_STRING_H 1
| #define HAVE_MEMORY_H 1
| #define HAVE_STRINGS_H 1
| #define HAVE_INTTYPES_H 1
| #define HAVE_STDINT_H 1
| #define HAVE_UNISTD_H 1
| #define HAVE_DLFCN_H 1
| #define LT_OBJDIR ".libs/"
| #define LT_MODULE_EXT ".so"
| #define LT_SHARED_EXT ".dylib"
| #define LT_MODULE_PATH_VAR "DYLD_LIBRARY_PATH"
| #define LT_DLSEARCH_PATH "/usr/local/lib:/lib:/usr/lib"
| #define HAVE_LIBDL 1
| #define HAVE_DLERROR 1
| #define HAVE_LIBDLLOADER 1
| /* end confdefs.h.  */
| #if defined(HAVE_ARGZ_H)
| #  include <argz.h>
| #endif
| 
| int
| main ()
| {
| if (sizeof (error_t))
| 	 return 0;
|   ;
|   return 0;
| }
configure:13966: result: no
configure:13992: checking for argz_add
configure:13992: gcc -o conftest -g -O2   conftest.c  >&5
Undefined symbols for architecture x86_64:
  "_argz_add", referenced from:
      _main in conftest-f96793.o
ld: symbol(s) not found for architecture x86_64
clang: error: linker command failed with exit code 1 (use -v to see invocation)
configure:13992: $? = 1
configure: failed program was:
| /* confdefs.h */
| #define PACKAGE_NAME "GNU Libtool"
| #define PACKAGE_TARNAME "libtool"
| #define PACKAGE_VERSION "2.4.6"
| #define PACKAGE_STRING "GNU Libtool 2.4.6"
| #define PACKAGE_BUGREPORT "bug-libtool@gnu.org"
| #define PACKAGE_URL "http://www.gnu.org/software/libtool/"
| #define PACKAGE "libtool"
| #define VERSION "2.4.6"
| #define STDC_HEADERS 1
| #define HAVE_SYS_TYPES_H 1
| #define HAVE_SYS_STAT_H 1
| #define HAVE_STDLIB_H 1
| #define HAVE_STRING_H 1
| #define HAVE_MEMORY_H 1
| #define HAVE_STRINGS_H 1
| #define HAVE_INTTYPES_H 1
| #define HAVE_STDINT_H 1
| #define HAVE_UNISTD_H 1
| #define HAVE_DLFCN_H 1
| #define LT_OBJDIR ".libs/"
| #define LT_MODULE_EXT ".so"
| #define LT_SHARED_EXT ".dylib"
| #define LT_MODULE_PATH_VAR "DYLD_LIBRARY_PATH"
| #define LT_DLSEARCH_PATH "/usr/local/lib:/lib:/usr/lib"
| #define HAVE_LIBDL 1
| #define HAVE_DLERROR 1
| #define HAVE_LIBDLLOADER 1
| #define error_t int
| #define __error_t_defined 1
| /* end confdefs.h.  */
| /* Define argz_add to an innocuous variant, in case <limits.h> declares argz_add.
|    For example, HP-UX 11i <limits.h> declares gettimeofday.  */
| #define argz_add innocuous_argz_add
| 
| /* System header to define __stub macros and hopefully few prototypes,
|     which can conflict with char argz_add (); below.
|     Prefer <limits.h> to <assert.h> if __STDC__ is defined, since
|     <limits.h> exists even on freestanding compilers.  */
| 
| #ifdef __STDC__
| # include <limits.h>
| #else
| # include <assert.h>
| #endif
| 
| #undef argz_add
| 
| /* Override any GCC internal prototype to avoid an error.
|    Use char because int might match the return type of a GCC
|    builtin and then its argument prototype would still apply.  */
| #ifdef __cplusplus
| extern "C"
| #endif
| char argz_add ();
| /* The GNU C library defines this for functions which it implements
|     to always fail with ENOSYS.  Some functions are actually named
|     something starting with __ and the normal name is an alias.  */
| #if defined __stub_argz_add || defined __stub___argz_add
| choke me
| #endif
| 
| int
| main ()
| {
| return argz_add ();
|   ;
|   return 0;
| }
configure:13992: result: no
configure:13992: checking for argz_append
configure:13992: gcc -o conftest -g -O2   conftest.c  >&5
Undefined symbols for architecture x86_64:
  "_argz_append", referenced from:
      _main in conftest-8b1751.o
ld: symbol(s) not found for architecture x86_64
clang: error: linker command failed with exit code 1 (use -v to see invocation)
configure:13992: $? = 1
configure: failed program was:
| /* confdefs.h */
| #define PACKAGE_NAME "GNU Libtool"
| #define PACKAGE_TARNAME "libtool"
| #define PACKAGE_VERSION "2.4.6"
| #define PACKAGE_STRING "GNU Libtool 2.4.6"
| #define PACKAGE_BUGREPORT "bug-libtool@gnu.org"
| #define PACKAGE_URL "http://www.gnu.org/software/libtool/"
| #define PACKAGE "libtool"
| #define VERSION "2.4.6"
| #define STDC_HEADERS 1
| #define HAVE_SYS_TYPES_H 1
| #define HAVE_SYS_STAT_H 1
| #define HAVE_STDLIB_H 1
| #define HAVE_STRING_H 1
| #define HAVE_MEMORY_H 1
| #define HAVE_STRINGS_H 1
| #define HAVE_INTTYPES_H 1
| #define HAVE_STDINT_H 1
| #define HAVE_UNISTD_H 1
| #define HAVE_DLFCN_H 1
| #define LT_OBJDIR ".libs/"
| #define LT_MODULE_EXT ".so"
| #define LT_SHARED_EXT ".dylib"
| #define LT_MODULE_PATH_VAR "DYLD_LIBRARY_PATH"
| #define LT_DLSEARCH_PATH "/usr/local/lib:/lib:/usr/lib"
| #define HAVE_LIBDL 1
| #define HAVE_DLERROR 1
| #define HAVE_LIBDLLOADER 1
| #define error_t int
| #define __error_t_defined 1
| /* end confdefs.h.  */
| /* Define argz_append to an innocuous variant, in case <limits.h> declares argz_append.
|    For example, HP-UX 11i <limits.h> declares gettimeofday.  */
| #define argz_append innocuous_argz_append
| 
| /* System header to define __stub macros and hopefully few prototypes,
|     which can conflict with char argz_append (); below.
|     Prefer <limits.h> to <assert.h> if __STDC__ is defined, since
|     <limits.h> exists even on freestanding compilers.  */
| 
| #ifdef __STDC__
| # include <limits.h>
| #else
| # include <assert.h>
| #endif
| 
| #undef argz_append
| 
| /* Override any GCC internal prototype to avoid an error.
|    Use char because int might match the return type of a GCC
|    builtin and then its argument prototype would still apply.  */
| #ifdef __cplusplus
| extern "C"
| #endif
| char argz_append ();
| /* The GNU C library defines this for functions which it implements
|     to always fail with ENOSYS.  Some functions are actually named
|     something starting with __ and the normal name is an alias.  */
| #if defined __stub_argz_append || defined __stub___argz_append
| choke me
| #endif
| 
| int
| main ()
| {
| return argz_append ();
|   ;
|   return 0;
| }
configure:13992: result: no
configure:13992: checking for argz_count
configure:13992: gcc -o conftest -g -O2   conftest.c  >&5
Undefined symbols for architecture x86_64:
  "_argz_count", referenced from:
      _main in conftest-f7d2b9.o
ld: symbol(s) not found for architecture x86_64
clang: error: linker command failed with exit code 1 (use -v to see invocation)
configure:13992: $? = 1
configure: failed program was:
| /* confdefs.h */
| #define PACKAGE_NAME "GNU Libtool"
| #define PACKAGE_TARNAME "libtool"
| #define PACKAGE_VERSION "2.4.6"
| #define PACKAGE_STRING "GNU Libtool 2.4.6"
| #define PACKAGE_BUGREPORT "bug-libtool@gnu.org"
| #define PACKAGE_URL "http://www.gnu.org/software/libtool/"
| #define PACKAGE "libtool"
| #define VERSION "2.4.6"
| #define STDC_HEADERS 1
| #define HAVE_SYS_TYPES_H 1
| #define HAVE_SYS_STAT_H 1
| #define HAVE_STDLIB_H 1
| #define HAVE_STRING_H 1
| #define HAVE_MEMORY_H 1
| #define HAVE_STRINGS_H 1
| #define HAVE_INTTYPES_H 1
| #define HAVE_STDINT_H 1
| #define HAVE_UNISTD_H 1
| #define HAVE_DLFCN_H 1
| #define LT_OBJDIR ".libs/"
| #define LT_MODULE_EXT ".so"
| #define LT_SHARED_EXT ".dylib"
| #define LT_MODULE_PATH_VAR "DYLD_LIBRARY_PATH"
| #define LT_DLSEARCH_PATH "/usr/local/lib:/lib:/usr/lib"
| #define HAVE_LIBDL 1
| #define HAVE_DLERROR 1
| #define HAVE_LIBDLLOADER 1
| #define error_t int
| #define __error_t_defined 1
| /* end confdefs.h.  */
| /* Define argz_count to an innocuous variant, in case <limits.h> declares argz_count.
|    For example, HP-UX 11i <limits.h> declares gettimeofday.  */
| #define argz_count innocuous_argz_count
| 
| /* System header to define __stub macros and hopefully few prototypes,
|     which can conflict with char argz_count (); below.
|     Prefer <limits.h> to <assert.h> if __STDC__ is defined, since
|     <limits.h> exists even on freestanding compilers.  */
| 
| #ifdef __STDC__
| # include <limits.h>
| #else
| # include <assert.h>
| #endif
| 
| #undef argz_count
| 
| /* Override any GCC internal prototype to avoid an error.
|    Use char because int might match the return type of a GCC
|    builtin and then its argument prototype would still apply.  */
| #ifdef __cplusplus
| extern "C"
| #endif
| char argz_count ();
| /* The GNU C library defines this for functions which it implements
|     to always fail with ENOSYS.  Some functions are actually named
|     something starting with __ and the normal name is an alias.  */
| #if defined __stub_argz_count || defined __stub___argz_count
| choke me
| #endif
| 
| int
| main ()
| {
| return argz_count ();
|   ;
|   return 0;
| }
configure:13992: result: no
configure:13992: checking for argz_create_sep
configure:13992: gcc -o conftest -g -O2   conftest.c  >&5
Undefined symbols for architecture x86_64:
  "_argz_create_sep", referenced from:
      _main in conftest-36b536.o
ld: symbol(s) not found for architecture x86_64
clang: error: linker command failed with exit code 1 (use -v to see invocation)
configure:13992: $? = 1
configure: failed program was:
| /* confdefs.h */
| #define PACKAGE_NAME "GNU Libtool"
| #define PACKAGE_TARNAME "libtool"
| #define PACKAGE_VERSION "2.4.6"
| #define PACKAGE_STRING "GNU Libtool 2.4.6"
| #define PACKAGE_BUGREPORT "bug-libtool@gnu.org"
| #define PACKAGE_URL "http://www.gnu.org/software/libtool/"
| #define PACKAGE "libtool"
| #define VERSION "2.4.6"
| #define STDC_HEADERS 1
| #define HAVE_SYS_TYPES_H 1
| #define HAVE_SYS_STAT_H 1
| #define HAVE_STDLIB_H 1
| #define HAVE_STRING_H 1
| #define HAVE_MEMORY_H 1
| #define HAVE_STRINGS_H 1
| #define HAVE_INTTYPES_H 1
| #define HAVE_STDINT_H 1
| #define HAVE_UNISTD_H 1
| #define HAVE_DLFCN_H 1
| #define LT_OBJDIR ".libs/"
| #define LT_MODULE_EXT ".so"
| #define LT_SHARED_EXT ".dylib"
| #define LT_MODULE_PATH_VAR "DYLD_LIBRARY_PATH"
| #define LT_DLSEARCH_PATH "/usr/local/lib:/lib:/usr/lib"
| #define HAVE_LIBDL 1
| #define HAVE_DLERROR 1
| #define HAVE_LIBDLLOADER 1
| #define error_t int
| #define __error_t_defined 1
| /* end confdefs.h.  */
| /* Define argz_create_sep to an innocuous variant, in case <limits.h> declares argz_create_sep.
|    For example, HP-UX 11i <limits.h> declares gettimeofday.  */
| #define argz_create_sep innocuous_argz_create_sep
| 
| /* System header to define __stub macros and hopefully few prototypes,
|     which can conflict with char argz_create_sep (); below.
|     Prefer <limits.h> to <assert.h> if __STDC__ is defined, since
|     <limits.h> exists even on freestanding compilers.  */
| 
| #ifdef __STDC__
| # include <limits.h>
| #else
| # include <assert.h>
| #endif
| 
| #undef argz_create_sep
| 
| /* Override any GCC internal prototype to avoid an error.
|    Use char because int might match the return type of a GCC
|    builtin and then its argument prototype would still apply.  */
| #ifdef __cplusplus
| extern "C"
| #endif
| char argz_create_sep ();
| /* The GNU C library defines this for functions which it implements
|     to always fail with ENOSYS.  Some functions are actually named
|     something starting with __ and the normal name is an alias.  */
| #if defined __stub_argz_create_sep || defined __stub___argz_create_sep
| choke me
| #endif
| 
| int
| main ()
| {
| return argz_create_sep ();
|   ;
|   return 0;
| }
configure:13992: result: no
configure:13992: checking for argz_insert
configure:13992: gcc -o conftest -g -O2   conftest.c  >&5
Undefined symbols for architecture x86_64:
  "_argz_insert", referenced from:
      _main in conftest-d257c4.o
ld: symbol(s) not found for architecture x86_64
clang: error: linker command failed with exit code 1 (use -v to see invocation)
configure:13992: $? = 1
configure: failed program was:
| /* confdefs.h */
| #define PACKAGE_NAME "GNU Libtool"
| #define PACKAGE_TARNAME "libtool"
| #define PACKAGE_VERSION "2.4.6"
| #define PACKAGE_STRING "GNU Libtool 2.4.6"
| #define PACKAGE_BUGREPORT "bug-libtool@gnu.org"
| #define PACKAGE_URL "http://www.gnu.org/software/libtool/"
| #define PACKAGE "libtool"
| #define VERSION "2.4.6"
| #define STDC_HEADERS 1
| #define HAVE_SYS_TYPES_H 1
| #define HAVE_SYS_STAT_H 1
| #define HAVE_STDLIB_H 1
| #define HAVE_STRING_H 1
| #define HAVE_MEMORY_H 1
| #define HAVE_STRINGS_H 1
| #define HAVE_INTTYPES_H 1
| #define HAVE_STDINT_H 1
| #define HAVE_UNISTD_H 1
| #define HAVE_DLFCN_H 1
| #define LT_OBJDIR ".libs/"
| #define LT_MODULE_EXT ".so"
| #define LT_SHARED_EXT ".dylib"
| #define LT_MODULE_PATH_VAR "DYLD_LIBRARY_PATH"
| #define LT_DLSEARCH_PATH "/usr/local/lib:/lib:/usr/lib"
| #define HAVE_LIBDL 1
| #define HAVE_DLERROR 1
| #define HAVE_LIBDLLOADER 1
| #define error_t int
| #define __error_t_defined 1
| /* end confdefs.h.  */
| /* Define argz_insert to an innocuous variant, in case <limits.h> declares argz_insert.
|    For example, HP-UX 11i <limits.h> declares gettimeofday.  */
| #define argz_insert innocuous_argz_insert
| 
| /* System header to define __stub macros and hopefully few prototypes,
|     which can conflict with char argz_insert (); below.
|     Prefer <limits.h> to <assert.h> if __STDC__ is defined, since
|     <limits.h> exists even on freestanding compilers.  */
| 
| #ifdef __STDC__
| # include <limits.h>
| #else
| # include <assert.h>
| #endif
| 
| #undef argz_insert
| 
| /* Override any GCC internal prototype to avoid an error.
|    Use char because int might match the return type of a GCC
|    builtin and then its argument prototype would still apply.  */
| #ifdef __cplusplus
| extern "C"
| #endif
| char argz_insert ();
| /* The GNU C library defines this for functions which it implements
|     to always fail with ENOSYS.  Some functions are actually named
|     something starting with __ and the normal name is an alias.  */
| #if defined __stub_argz_insert || defined __stub___argz_insert
| choke me
| #endif
| 
| int
| main ()
| {
| return argz_insert ();
|   ;
|   return 0;
| }
configure:13992: result: no
configure:13992: checking for argz_next
configure:13992: gcc -o conftest -g -O2   conftest.c  >&5
Undefined symbols for architecture x86_64:
  "_argz_next", referenced from:
      _main in conftest-745421.o
ld: symbol(s) not found for architecture x86_64
clang: error: linker command failed with exit code 1 (use -v to see invocation)
configure:13992: $? = 1
configure: failed program was:
| /* confdefs.h */
| #define PACKAGE_NAME "GNU Libtool"
| #define PACKAGE_TARNAME "libtool"
| #define PACKAGE_VERSION "2.4.6"
| #define PACKAGE_STRING "GNU Libtool 2.4.6"
| #define PACKAGE_BUGREPORT "bug-libtool@gnu.org"
| #define PACKAGE_URL "http://www.gnu.org/software/libtool/"
| #define PACKAGE "libtool"
| #define VERSION "2.4.6"
| #define STDC_HEADERS 1
| #define HAVE_SYS_TYPES_H 1
| #define HAVE_SYS_STAT_H 1
| #define HAVE_STDLIB_H 1
| #define HAVE_STRING_H 1
| #define HAVE_MEMORY_H 1
| #define HAVE_STRINGS_H 1
| #define HAVE_INTTYPES_H 1
| #define HAVE_STDINT_H 1
| #define HAVE_UNISTD_H 1
| #define HAVE_DLFCN_H 1
| #define LT_OBJDIR ".libs/"
| #define LT_MODULE_EXT ".so"
| #define LT_SHARED_EXT ".dylib"
| #define LT_MODULE_PATH_VAR "DYLD_LIBRARY_PATH"
| #define LT_DLSEARCH_PATH "/usr/local/lib:/lib:/usr/lib"
| #define HAVE_LIBDL 1
| #define HAVE_DLERROR 1
| #define HAVE_LIBDLLOADER 1
| #define error_t int
| #define __error_t_defined 1
| /* end confdefs.h.  */
| /* Define argz_next to an innocuous variant, in case <limits.h> declares argz_next.
|    For example, HP-UX 11i <limits.h> declares gettimeofday.  */
| #define argz_next innocuous_argz_next
| 
| /* System header to define __stub macros and hopefully few prototypes,
|     which can conflict with char argz_next (); below.
|     Prefer <limits.h> to <assert.h> if __STDC__ is defined, since
|     <limits.h> exists even on freestanding compilers.  */
| 
| #ifdef __STDC__
| # include <limits.h>
| #else
| # include <assert.h>
| #endif
| 
| #undef argz_next
| 
| /* Override any GCC internal prototype to avoid an error.
|    Use char because int might match the return type of a GCC
|    builtin and then its argument prototype would still apply.  */
| #ifdef __cplusplus
| extern "C"
| #endif
| char argz_next ();
| /* The GNU C library defines this for functions which it implements
|     to always fail with ENOSYS.  Some functions are actually named
|     something starting with __ and the normal name is an alias.  */
| #if defined __stub_argz_next || defined __stub___argz_next
| choke me
| #endif
| 
| int
| main ()
| {
| return argz_next ();
|   ;
|   return 0;
| }
configure:13992: result: no
configure:13992: checking for argz_stringify
configure:13992: gcc -o conftest -g -O2   conftest.c  >&5
Undefined symbols for architecture x86_64:
  "_argz_stringify", referenced from:
      _main in conftest-a4cacc.o
ld: symbol(s) not found for architecture x86_64
clang: error: linker command failed with exit code 1 (use -v to see invocation)
configure:13992: $? = 1
configure: failed program was:
| /* confdefs.h */
| #define PACKAGE_NAME "GNU Libtool"
| #define PACKAGE_TARNAME "libtool"
| #define PACKAGE_VERSION "2.4.6"
| #define PACKAGE_STRING "GNU Libtool 2.4.6"
| #define PACKAGE_BUGREPORT "bug-libtool@gnu.org"
| #define PACKAGE_URL "http://www.gnu.org/software/libtool/"
| #define PACKAGE "libtool"
| #define VERSION "2.4.6"
| #define STDC_HEADERS 1
| #define HAVE_SYS_TYPES_H 1
| #define HAVE_SYS_STAT_H 1
| #define HAVE_STDLIB_H 1
| #define HAVE_STRING_H 1
| #define HAVE_MEMORY_H 1
| #define HAVE_STRINGS_H 1
| #define HAVE_INTTYPES_H 1
| #define HAVE_STDINT_H 1
| #define HAVE_UNISTD_H 1
| #define HAVE_DLFCN_H 1
| #define LT_OBJDIR ".libs/"
| #define LT_MODULE_EXT ".so"
| #define LT_SHARED_EXT ".dylib"
| #define LT_MODULE_PATH_VAR "DYLD_LIBRARY_PATH"
| #define LT_DLSEARCH_PATH "/usr/local/lib:/lib:/usr/lib"
| #define HAVE_LIBDL 1
| #define HAVE_DLERROR 1
| #define HAVE_LIBDLLOADER 1
| #define error_t int
| #define __error_t_defined 1
| /* end confdefs.h.  */
| /* Define argz_stringify to an innocuous variant, in case <limits.h> declares argz_stringify.
|    For example, HP-UX 11i <limits.h> declares gettimeofday.  */
| #define argz_stringify innocuous_argz_stringify
| 
| /* System header to define __stub macros and hopefully few prototypes,
|     which can conflict with char argz_stringify (); below.
|     Prefer <limits.h> to <assert.h> if __STDC__ is defined, since
|     <limits.h> exists even on freestanding compilers.  */
| 
| #ifdef __STDC__
| # include <limits.h>
| #else
| # include <assert.h>
| #endif
| 
| #undef argz_stringify
| 
| /* Override any GCC internal prototype to avoid an error.
|    Use char because int might match the return type of a GCC
|    builtin and then its argument prototype would still apply.  */
| #ifdef __cplusplus
| extern "C"
| #endif
| char argz_stringify ();
| /* The GNU C library defines this for functions which it implements
|     to always fail with ENOSYS.  Some functions are actually named
|     something starting with __ and the normal name is an alias.  */
| #if defined __stub_argz_stringify || defined __stub___argz_stringify
| choke me
| #endif
| 
| int
| main ()
| {
| return argz_stringify ();
|   ;
|   return 0;
| }
configure:13992: result: no
configure:14060: checking whether libtool supports -dlopen/-dlpreopen
configure:14072: result: yes
configure:14125: checking for unistd.h
configure:14125: result: yes
configure:14125: checking for dl.h
configure:14125: gcc -c -g -O2  conftest.c >&5
conftest.c:68:10: fatal error: 'dl.h' file not found
#include <dl.h>
         ^~~~~~
1 error generated.
configure:14125: $? = 1
configure: failed program was:
| /* confdefs.h */
| #define PACKAGE_NAME "GNU Libtool"
| #define PACKAGE_TARNAME "libtool"
| #define PACKAGE_VERSION "2.4.6"
| #define PACKAGE_STRING "GNU Libtool 2.4.6"
| #define PACKAGE_BUGREPORT "bug-libtool@gnu.org"
| #define PACKAGE_URL "http://www.gnu.org/software/libtool/"
| #define PACKAGE "libtool"
| #define VERSION "2.4.6"
| #define STDC_HEADERS 1
| #define HAVE_SYS_TYPES_H 1
| #define HAVE_SYS_STAT_H 1
| #define HAVE_STDLIB_H 1
| #define HAVE_STRING_H 1
| #define HAVE_MEMORY_H 1
| #define HAVE_STRINGS_H 1
| #define HAVE_INTTYPES_H 1
| #define HAVE_STDINT_H 1
| #define HAVE_UNISTD_H 1
| #define HAVE_DLFCN_H 1
| #define LT_OBJDIR ".libs/"
| #define LT_MODULE_EXT ".so"
| #define LT_SHARED_EXT ".dylib"
| #define LT_MODULE_PATH_VAR "DYLD_LIBRARY_PATH"
| #define LT_DLSEARCH_PATH "/usr/local/lib:/lib:/usr/lib"
| #define HAVE_LIBDL 1
| #define HAVE_DLERROR 1
| #define HAVE_LIBDLLOADER 1
| #define error_t int
| #define __error_t_defined 1
| #define HAVE_PRELOADED_SYMBOLS 1
| #define HAVE_UNISTD_H 1
| /* end confdefs.h.  */
| #include <stdio.h>
| #ifdef HAVE_SYS_TYPES_H
| # include <sys/types.h>
| #endif
| #ifdef HAVE_SYS_STAT_H
| # include <sys/stat.h>
| #endif
| #ifdef STDC_HEADERS
| # include <stdlib.h>
| # include <stddef.h>
| #else
| # ifdef HAVE_STDLIB_H
| #  include <stdlib.h>
| # endif
| #endif
| #ifdef HAVE_STRING_H
| # if !defined STDC_HEADERS && defined HAVE_MEMORY_H
| #  include <memory.h>
| # endif
| # include <string.h>
| #endif
| #ifdef HAVE_STRINGS_H
| # include <strings.h>
| #endif
| #ifdef HAVE_INTTYPES_H
| # include <inttypes.h>
| #endif
| #ifdef HAVE_STDINT_H
| # include <stdint.h>
| #endif
| #ifdef HAVE_UNISTD_H
| # include <unistd.h>
| #endif
| 
| #include <dl.h>
configure:14125: result: no
configure:14125: checking for sys/dl.h
configure:14125: gcc -c -g -O2  conftest.c >&5
conftest.c:68:10: fatal error: 'sys/dl.h' file not found
#include <sys/dl.h>
         ^~~~~~~~~~
1 error generated.
configure:14125: $? = 1
configure: failed program was:
| /* confdefs.h */
| #define PACKAGE_NAME "GNU Libtool"
| #define PACKAGE_TARNAME "libtool"
| #define PACKAGE_VERSION "2.4.6"
| #define PACKAGE_STRING "GNU Libtool 2.4.6"
| #define PACKAGE_BUGREPORT "bug-libtool@gnu.org"
| #define PACKAGE_URL "http://www.gnu.org/software/libtool/"
| #define PACKAGE "libtool"
| #define VERSION "2.4.6"
| #define STDC_HEADERS 1
| #define HAVE_SYS_TYPES_H 1
| #define HAVE_SYS_STAT_H 1
| #define HAVE_STDLIB_H 1
| #define HAVE_STRING_H 1
| #define HAVE_MEMORY_H 1
| #define HAVE_STRINGS_H 1
| #define HAVE_INTTYPES_H 1
| #define HAVE_STDINT_H 1
| #define HAVE_UNISTD_H 1
| #define HAVE_DLFCN_H 1
| #define LT_OBJDIR ".libs/"
| #define LT_MODULE_EXT ".so"
| #define LT_SHARED_EXT ".dylib"
| #define LT_MODULE_PATH_VAR "DYLD_LIBRARY_PATH"
| #define LT_DLSEARCH_PATH "/usr/local/lib:/lib:/usr/lib"
| #define HAVE_LIBDL 1
| #define HAVE_DLERROR 1
| #define HAVE_LIBDLLOADER 1
| #define error_t int
| #define __error_t_defined 1
| #define HAVE_PRELOADED_SYMBOLS 1
| #define HAVE_UNISTD_H 1
| /* end confdefs.h.  */
| #include <stdio.h>
| #ifdef HAVE_SYS_TYPES_H
| # include <sys/types.h>
| #endif
| #ifdef HAVE_SYS_STAT_H
| # include <sys/stat.h>
| #endif
| #ifdef STDC_HEADERS
| # include <stdlib.h>
| # include <stddef.h>
| #else
| # ifdef HAVE_STDLIB_H
| #  include <stdlib.h>
| # endif
| #endif
| #ifdef HAVE_STRING_H
| # if !defined STDC_HEADERS && defined HAVE_MEMORY_H
| #  include <memory.h>
| # endif
| # include <string.h>
| #endif
| #ifdef HAVE_STRINGS_H
| # include <strings.h>
| #endif
| #ifdef HAVE_INTTYPES_H
| # include <inttypes.h>
| #endif
| #ifdef HAVE_STDINT_H
| # include <stdint.h>
| #endif
| #ifdef HAVE_UNISTD_H
| # include <unistd.h>
| #endif
| 
| #include <sys/dl.h>
configure:14125: result: no
configure:14125: checking for dld.h
configure:14125: gcc -c -g -O2  conftest.c >&5
conftest.c:68:10: fatal error: 'dld.h' file not found
#include <dld.h>
         ^~~~~~~
1 error generated.
configure:14125: $? = 1
configure: failed program was:
| /* confdefs.h */
| #define PACKAGE_NAME "GNU Libtool"
| #define PACKAGE_TARNAME "libtool"
| #define PACKAGE_VERSION "2.4.6"
| #define PACKAGE_STRING "GNU Libtool 2.4.6"
| #define PACKAGE_BUGREPORT "bug-libtool@gnu.org"
| #define PACKAGE_URL "http://www.gnu.org/software/libtool/"
| #define PACKAGE "libtool"
| #define VERSION "2.4.6"
| #define STDC_HEADERS 1
| #define HAVE_SYS_TYPES_H 1
| #define HAVE_SYS_STAT_H 1
| #define HAVE_STDLIB_H 1
| #define HAVE_STRING_H 1
| #define HAVE_MEMORY_H 1
| #define HAVE_STRINGS_H 1
| #define HAVE_INTTYPES_H 1
| #define HAVE_STDINT_H 1
| #define HAVE_UNISTD_H 1
| #define HAVE_DLFCN_H 1
| #define LT_OBJDIR ".libs/"
| #define LT_MODULE_EXT ".so"
| #define LT_SHARED_EXT ".dylib"
| #define LT_MODULE_PATH_VAR "DYLD_LIBRARY_PATH"
| #define LT_DLSEARCH_PATH "/usr/local/lib:/lib:/usr/lib"
| #define HAVE_LIBDL 1
| #define HAVE_DLERROR 1
| #define HAVE_LIBDLLOADER 1
| #define error_t int
| #define __error_t_defined 1
| #define HAVE_PRELOADED_SYMBOLS 1
| #define HAVE_UNISTD_H 1
| /* end confdefs.h.  */
| #include <stdio.h>
| #ifdef HAVE_SYS_TYPES_H
| # include <sys/types.h>
| #endif
| #ifdef HAVE_SYS_STAT_H
| # include <sys/stat.h>
| #endif
| #ifdef STDC_HEADERS
| # include <stdlib.h>
| # include <stddef.h>
| #else
| # ifdef HAVE_STDLIB_H
| #  include <stdlib.h>
| # endif
| #endif
| #ifdef HAVE_STRING_H
| # if !defined STDC_HEADERS && defined HAVE_MEMORY_H
| #  include <memory.h>
| # endif
| # include <string.h>
| #endif
| #ifdef HAVE_STRINGS_H
| # include <strings.h>
| #endif
| #ifdef HAVE_INTTYPES_H
| # include <inttypes.h>
| #endif
| #ifdef HAVE_STDINT_H
| # include <stdint.h>
| #endif
| #ifdef HAVE_UNISTD_H
| # include <unistd.h>
| #endif
| 
| #include <dld.h>
configure:14125: result: no
configure:14125: checking for mach-o/dyld.h
configure:14125: gcc -c -g -O2  conftest.c >&5
configure:14125: $? = 0
configure:14125: result: yes
configure:14125: checking for dirent.h
configure:14125: gcc -c -g -O2  conftest.c >&5
configure:14125: $? = 0
configure:14125: result: yes
configure:14140: checking for closedir
configure:14140: gcc -o conftest -g -O2   conftest.c  >&5
configure:14140: $? = 0
configure:14140: result: yes
configure:14140: checking for opendir
configure:14140: gcc -o conftest -g -O2   conftest.c  >&5
configure:14140: $? = 0
configure:14140: result: yes
configure:14140: checking for readdir
configure:14140: gcc -o conftest -g -O2   conftest.c  >&5
configure:14140: $? = 0
configure:14140: result: yes
configure:14159: checking for strlcat
configure:14159: gcc -o conftest -g -O2   conftest.c  >&5
conftest.c:62:6: warning: incompatible redeclaration of library function 'strlcat' [-Wincompatible-library-redeclaration]
char strlcat ();
     ^
conftest.c:62:6: note: 'strlcat' is a builtin with type 'unsigned long (char *, const char *, unsigned long)'
1 warning generated.
configure:14159: $? = 0
configure:14159: result: yes
configure:14159: checking for strlcpy
configure:14159: gcc -o conftest -g -O2   conftest.c  >&5
conftest.c:63:6: warning: incompatible redeclaration of library function 'strlcpy' [-Wincompatible-library-redeclaration]
char strlcpy ();
     ^
conftest.c:63:6: note: 'strlcpy' is a builtin with type 'unsigned long (char *, const char *, unsigned long)'
1 warning generated.
configure:14159: $? = 0
configure:14159: result: yes
configure:14254: checking for g++
configure:14270: found /usr/bin/g++
configure:14281: result: g++
configure:14308: checking for C++ compiler version
configure:14317: g++ --version >&5
Apple LLVM version 9.1.0 (clang-902.0.39.2)
Target: x86_64-apple-darwin17.5.0
Thread model: posix
InstalledDir: /Library/Developer/CommandLineTools/usr/bin
Configured with: --prefix=/Library/Developer/CommandLineTools/usr --with-gxx-include-dir=/usr/include/c++/4.2.1
configure:14328: $? = 0
configure:14317: g++ -v >&5
Configured with: --prefix=/Library/Developer/CommandLineTools/usr --with-gxx-include-dir=/usr/include/c++/4.2.1
Apple LLVM version 9.1.0 (clang-902.0.39.2)
Target: x86_64-apple-darwin17.5.0
Thread model: posix
InstalledDir: /Library/Developer/CommandLineTools/usr/bin
configure:14328: $? = 0
configure:14317: g++ -V >&5
clang: error: argument to '-V' is missing (expected 1 value)
clang: error: no input files
configure:14328: $? = 1
configure:14317: g++ -qversion >&5
clang: error: unknown argument: '-qversion'
clang: error: no input files
configure:14328: $? = 1
configure:14332: checking whether we are using the GNU C++ compiler
configure:14351: g++ -c   conftest.cpp >&5
configure:14351: $? = 0
configure:14360: result: yes
configure:14369: checking whether g++ accepts -g
configure:14389: g++ -c -g  conftest.cpp >&5
configure:14389: $? = 0
configure:14430: result: yes
configure:14455: checking dependency style of g++
configure:14566: result: gcc3
configure:14600: checking how to run the C++ preprocessor
configure:14627: g++ -E  conftest.cpp
configure:14627: $? = 0
configure:14641: g++ -E  conftest.cpp
conftest.cpp:43:10: fatal error: 'ac_nonexistent.h' file not found
#include <ac_nonexistent.h>
         ^~~~~~~~~~~~~~~~~~
1 error generated.
configure:14641: $? = 1
configure: failed program was:
| /* confdefs.h */
| #define PACKAGE_NAME "GNU Libtool"
| #define PACKAGE_TARNAME "libtool"
| #define PACKAGE_VERSION "2.4.6"
| #define PACKAGE_STRING "GNU Libtool 2.4.6"
| #define PACKAGE_BUGREPORT "bug-libtool@gnu.org"
| #define PACKAGE_URL "http://www.gnu.org/software/libtool/"
| #define PACKAGE "libtool"
| #define VERSION "2.4.6"
| #define STDC_HEADERS 1
| #define HAVE_SYS_TYPES_H 1
| #define HAVE_SYS_STAT_H 1
| #define HAVE_STDLIB_H 1
| #define HAVE_STRING_H 1
| #define HAVE_MEMORY_H 1
| #define HAVE_STRINGS_H 1
| #define HAVE_INTTYPES_H 1
| #define HAVE_STDINT_H 1
| #define HAVE_UNISTD_H 1
| #define HAVE_DLFCN_H 1
| #define LT_OBJDIR ".libs/"
| #define LT_MODULE_EXT ".so"
| #define LT_SHARED_EXT ".dylib"
| #define LT_MODULE_PATH_VAR "DYLD_LIBRARY_PATH"
| #define LT_DLSEARCH_PATH "/usr/local/lib:/lib:/usr/lib"
| #define HAVE_LIBDL 1
| #define HAVE_DLERROR 1
| #define HAVE_LIBDLLOADER 1
| #define error_t int
| #define __error_t_defined 1
| #define HAVE_PRELOADED_SYMBOLS 1
| #define HAVE_UNISTD_H 1
| #define HAVE_MACH_O_DYLD_H 1
| #define HAVE_DIRENT_H 1
| #define HAVE_CLOSEDIR 1
| #define HAVE_OPENDIR 1
| #define HAVE_READDIR 1
| #define HAVE_STRLCAT 1
| #define HAVE_STRLCPY 1
| #define LT_LIBEXT "a"
| #define LT_LIBPREFIX "lib"
| /* end confdefs.h.  */
| #include <ac_nonexistent.h>
configure:14666: result: g++ -E
configure:14686: g++ -E  conftest.cpp
configure:14686: $? = 0
configure:14700: g++ -E  conftest.cpp
conftest.cpp:43:10: fatal error: 'ac_nonexistent.h' file not found
#include <ac_nonexistent.h>
         ^~~~~~~~~~~~~~~~~~
1 error generated.
configure:14700: $? = 1
configure: failed program was:
| /* confdefs.h */
| #define PACKAGE_NAME "GNU Libtool"
| #define PACKAGE_TARNAME "libtool"
| #define PACKAGE_VERSION "2.4.6"
| #define PACKAGE_STRING "GNU Libtool 2.4.6"
| #define PACKAGE_BUGREPORT "bug-libtool@gnu.org"
| #define PACKAGE_URL "http://www.gnu.org/software/libtool/"
| #define PACKAGE "libtool"
| #define VERSION "2.4.6"
| #define STDC_HEADERS 1
| #define HAVE_SYS_TYPES_H 1
| #define HAVE_SYS_STAT_H 1
| #define HAVE_STDLIB_H 1
| #define HAVE_STRING_H 1
| #define HAVE_MEMORY_H 1
| #define HAVE_STRINGS_H 1
| #define HAVE_INTTYPES_H 1
| #define HAVE_STDINT_H 1
| #define HAVE_UNISTD_H 1
| #define HAVE_DLFCN_H 1
| #define LT_OBJDIR ".libs/"
| #define LT_MODULE_EXT ".so"
| #define LT_SHARED_EXT ".dylib"
| #define LT_MODULE_PATH_VAR "DYLD_LIBRARY_PATH"
| #define LT_DLSEARCH_PATH "/usr/local/lib:/lib:/usr/lib"
| #define HAVE_LIBDL 1
| #define HAVE_DLERROR 1
| #define HAVE_LIBDLLOADER 1
| #define error_t int
| #define __error_t_defined 1
| #define HAVE_PRELOADED_SYMBOLS 1
| #define HAVE_UNISTD_H 1
| #define HAVE_MACH_O_DYLD_H 1
| #define HAVE_DIRENT_H 1
| #define HAVE_CLOSEDIR 1
| #define HAVE_OPENDIR 1
| #define HAVE_READDIR 1
| #define HAVE_STRLCAT 1
| #define HAVE_STRLCPY 1
| #define LT_LIBEXT "a"
| #define LT_LIBPREFIX "lib"
| /* end confdefs.h.  */
| #include <ac_nonexistent.h>
configure:14862: checking for ld used by g++
configure:14929: result: /Library/Developer/CommandLineTools/usr/bin/ld
configure:14936: checking if the linker (/Library/Developer/CommandLineTools/usr/bin/ld) is GNU ld
configure:14951: result: no
configure:15006: checking whether the g++ linker (/Library/Developer/CommandLineTools/usr/bin/ld) supports shared libraries
configure:16079: result: yes
configure:16115: g++ -c -g -O2  conftest.cpp >&5
configure:16118: $? = 0
configure:16599: checking for g++ option to produce PIC
configure:16606: result: -fno-common -DPIC
configure:16614: checking if g++ PIC flag -fno-common -DPIC works
configure:16632: g++ -c -g -O2  -fno-common -DPIC -DPIC conftest.cpp >&5
configure:16636: $? = 0
configure:16649: result: yes
configure:16672: checking if g++ static flag -static works
configure:16700: result: no
configure:16712: checking if g++ supports -c -o file.o
configure:16733: g++ -c -g -O2  -o out/conftest2.o conftest.cpp >&5
configure:16737: $? = 0
configure:16759: result: yes
configure:16764: checking if g++ supports -c -o file.o
configure:16811: result: yes
configure:16841: checking whether the g++ linker (/Library/Developer/CommandLineTools/usr/bin/ld) supports shared libraries
configure:16881: result: yes
configure:17022: checking dynamic linker characteristics
configure:17767: result: darwin17.5.0 dyld
configure:17832: checking how to hardcode library paths into programs
configure:17857: result: immediate
configure:17950: checking for g77
configure:17980: result: no
configure:17950: checking for xlf
configure:17980: result: no
configure:17950: checking for f77
configure:17980: result: no
configure:17950: checking for frt
configure:17980: result: no
configure:17950: checking for pgf77
configure:17980: result: no
configure:17950: checking for cf77
configure:17980: result: no
configure:17950: checking for fort77
configure:17980: result: no
configure:17950: checking for fl32
configure:17980: result: no
configure:17950: checking for af77
configure:17980: result: no
configure:17950: checking for xlf90
configure:17980: result: no
configure:17950: checking for f90
configure:17980: result: no
configure:17950: checking for pgf90
configure:17980: result: no
configure:17950: checking for pghpf
configure:17980: result: no
configure:17950: checking for epcf90
configure:17980: result: no
configure:17950: checking for gfortran
configure:17966: found /usr/local/bin/gfortran
configure:17977: result: gfortran
configure:18003: checking for Fortran 77 compiler version
configure:18012: gfortran --version >&5
GNU Fortran (Homebrew GCC 8.2.0) 8.2.0
Copyright (C) 2018 Free Software Foundation, Inc.
This is free software; see the source for copying conditions.  There is NO
warranty; not even for MERCHANTABILITY or FITNESS FOR A PARTICULAR PURPOSE.

configure:18023: $? = 0
configure:18012: gfortran -v >&5
Using built-in specs.
COLLECT_GCC=gfortran
COLLECT_LTO_WRAPPER=/usr/local/Cellar/gcc/8.2.0/libexec/gcc/x86_64-apple-darwin17.7.0/8.2.0/lto-wrapper
Target: x86_64-apple-darwin17.7.0
Configured with: ../configure --build=x86_64-apple-darwin17.7.0 --prefix=/usr/local/Cellar/gcc/8.2.0 --libdir=/usr/local/Cellar/gcc/8.2.0/lib/gcc/8 --enable-languages=c,c++,objc,obj-c++,fortran --program-suffix=-8 --with-gmp=/usr/local/opt/gmp --with-mpfr=/usr/local/opt/mpfr --with-mpc=/usr/local/opt/libmpc --with-isl=/usr/local/opt/isl --with-system-zlib --enable-checking=release --with-pkgversion='Homebrew GCC 8.2.0' --with-bugurl=https://github.com/Homebrew/homebrew-core/issues --disable-nls
Thread model: posix
gcc version 8.2.0 (Homebrew GCC 8.2.0) 
configure:18023: $? = 0
configure:18012: gfortran -V >&5
gfortran: error: unrecognized command line option '-V'
gfortran: fatal error: no input files
compilation terminated.
configure:18023: $? = 1
configure:18012: gfortran -qversion >&5
gfortran: error: unrecognized command line option '-qversion'; did you mean '--version'?
gfortran: fatal error: no input files
compilation terminated.
configure:18023: $? = 1
configure:18032: checking whether we are using the GNU Fortran 77 compiler
configure:18045: gfortran -c  conftest.F >&5
configure:18045: $? = 0
configure:18054: result: yes
configure:18060: checking whether gfortran accepts -g
configure:18071: gfortran -c -g conftest.f >&5
configure:18071: $? = 0
configure:18079: result: yes
configure:18208: checking if libtool supports shared libraries
configure:18210: result: yes
configure:18213: checking whether to build shared libraries
configure:18237: result: yes
configure:18240: checking whether to build static libraries
configure:18244: result: yes
configure:18596: checking for gfortran option to produce PIC
configure:18603: result: -fno-common
configure:18611: checking if gfortran PIC flag -fno-common works
configure:18629: gfortran -c -g -O2 -fno-common conftest.f >&5
configure:18633: $? = 0
configure:18646: result: yes
configure:18669: checking if gfortran static flag -static works
configure:18697: result: no
configure:18709: checking if gfortran supports -c -o file.o
configure:18730: gfortran -c -g -O2 -o out/conftest2.o conftest.f >&5
configure:18734: $? = 0
configure:18756: result: yes
configure:18761: checking if gfortran supports -c -o file.o
configure:18808: result: yes
configure:18838: checking whether the gfortran linker (/Library/Developer/CommandLineTools/usr/bin/ld) supports shared libraries
configure:20047: result: yes
configure:20188: checking dynamic linker characteristics
configure:20927: result: darwin17.5.0 dyld
configure:20992: checking how to hardcode library paths into programs
configure:21017: result: immediate
configure:21103: checking for gfortran
configure:21119: found /usr/local/bin/gfortran
configure:21130: result: gfortran
configure:21156: checking for Fortran compiler version
configure:21165: gfortran --version >&5
GNU Fortran (Homebrew GCC 8.2.0) 8.2.0
Copyright (C) 2018 Free Software Foundation, Inc.
This is free software; see the source for copying conditions.  There is NO
warranty; not even for MERCHANTABILITY or FITNESS FOR A PARTICULAR PURPOSE.

configure:21176: $? = 0
configure:21165: gfortran -v >&5
Using built-in specs.
COLLECT_GCC=gfortran
COLLECT_LTO_WRAPPER=/usr/local/Cellar/gcc/8.2.0/libexec/gcc/x86_64-apple-darwin17.7.0/8.2.0/lto-wrapper
Target: x86_64-apple-darwin17.7.0
Configured with: ../configure --build=x86_64-apple-darwin17.7.0 --prefix=/usr/local/Cellar/gcc/8.2.0 --libdir=/usr/local/Cellar/gcc/8.2.0/lib/gcc/8 --enable-languages=c,c++,objc,obj-c++,fortran --program-suffix=-8 --with-gmp=/usr/local/opt/gmp --with-mpfr=/usr/local/opt/mpfr --with-mpc=/usr/local/opt/libmpc --with-isl=/usr/local/opt/isl --with-system-zlib --enable-checking=release --with-pkgversion='Homebrew GCC 8.2.0' --with-bugurl=https://github.com/Homebrew/homebrew-core/issues --disable-nls
Thread model: posix
gcc version 8.2.0 (Homebrew GCC 8.2.0) 
configure:21176: $? = 0
configure:21165: gfortran -V >&5
gfortran: error: unrecognized command line option '-V'
gfortran: fatal error: no input files
compilation terminated.
configure:21176: $? = 1
configure:21165: gfortran -qversion >&5
gfortran: error: unrecognized command line option '-qversion'; did you mean '--version'?
gfortran: fatal error: no input files
compilation terminated.
configure:21176: $? = 1
configure:21185: checking whether we are using the GNU Fortran compiler
configure:21198: gfortran -c   conftest.F >&5
configure:21198: $? = 0
configure:21207: result: yes
configure:21213: checking whether gfortran accepts -g
configure:21224: gfortran -c -g  conftest.f >&5
configure:21224: $? = 0
configure:21232: result: yes
configure:21364: checking if libtool supports shared libraries
configure:21366: result: yes
configure:21369: checking whether to build shared libraries
configure:21393: result: yes
configure:21396: checking whether to build static libraries
configure:21400: result: yes
configure:21434: gfortran -c -g -O2  conftest.f >&5
configure:21437: $? = 0
configure:21897: checking for gfortran option to produce PIC
configure:21904: result: -fno-common
configure:21912: checking if gfortran PIC flag -fno-common works
configure:21930: gfortran -c -g -O2 -fno-common  conftest.f >&5
configure:21934: $? = 0
configure:21947: result: yes
configure:21970: checking if gfortran static flag -static works
configure:21998: result: no
configure:22010: checking if gfortran supports -c -o file.o
configure:22031: gfortran -c -g -O2 -o out/conftest2.o  conftest.f >&5
configure:22035: $? = 0
configure:22057: result: yes
configure:22062: checking if gfortran supports -c -o file.o
configure:22109: result: yes
configure:22139: checking whether the gfortran linker (/Library/Developer/CommandLineTools/usr/bin/ld) supports shared libraries
configure:23348: result: yes
configure:23489: checking dynamic linker characteristics
configure:24228: result: darwin17.5.0 dyld
configure:24293: checking how to hardcode library paths into programs
configure:24318: result: immediate
configure:24394: checking for gccgo
configure:24424: result: no
configure:26620: checking for gcj
configure:26650: result: no
configure:28847: checking for windres
configure:28877: result: no
configure:29177: checking that generated files are newer than configure
configure:29183: result: done
configure:29257: creating ./config.status

## ---------------------- ##
## Running config.status. ##
## ---------------------- ##

This file was extended by GNU Libtool config.status 2.4.6, which was
generated by GNU Autoconf 2.69.  Invocation command line was

  CONFIG_FILES    = 
  CONFIG_HEADERS  = 
  CONFIG_LINKS    = 
  CONFIG_COMMANDS = 
  $ ./config.status 

on AlogondeMacBook-Air.local

config.status:1476: creating Makefile
config.status:1476: creating config.h
config.status:1736: executing tests/atconfig commands
config.status:1736: executing depfiles commands
config.status:1736: executing libtool commands

## ---------------- ##
## Cache variables. ##
## ---------------- ##

ac_cv_build=x86_64-apple-darwin17.5.0
ac_cv_c_compiler_gnu=yes
ac_cv_cxx_compiler_gnu=yes
ac_cv_env_CCC_set=
ac_cv_env_CCC_value=
ac_cv_env_CC_set=
ac_cv_env_CC_value=
ac_cv_env_CFLAGS_set=
ac_cv_env_CFLAGS_value=
ac_cv_env_CPPFLAGS_set=
ac_cv_env_CPPFLAGS_value=
ac_cv_env_CPP_set=
ac_cv_env_CPP_value=
ac_cv_env_CXXCPP_set=
ac_cv_env_CXXCPP_value=
ac_cv_env_CXXFLAGS_set=
ac_cv_env_CXXFLAGS_value=
ac_cv_env_CXX_set=
ac_cv_env_CXX_value=
ac_cv_env_F77_set=
ac_cv_env_F77_value=
ac_cv_env_FCFLAGS_set=
ac_cv_env_FCFLAGS_value=
ac_cv_env_FC_set=
ac_cv_env_FC_value=
ac_cv_env_FFLAGS_set=
ac_cv_env_FFLAGS_value=
ac_cv_env_LDFLAGS_set=
ac_cv_env_LDFLAGS_value=
ac_cv_env_LIBS_set=
ac_cv_env_LIBS_value=
ac_cv_env_LT_SYS_LIBRARY_PATH_set=
ac_cv_env_LT_SYS_LIBRARY_PATH_value=
ac_cv_env_M4_set=
ac_cv_env_M4_value=
ac_cv_env_build_alias_set=
ac_cv_env_build_alias_value=
ac_cv_env_host_alias_set=
ac_cv_env_host_alias_value=
ac_cv_env_target_alias_set=
ac_cv_env_target_alias_value=
ac_cv_f77_compiler_gnu=yes
ac_cv_fc_compiler_gnu=yes
ac_cv_func_argz_add=no
ac_cv_func_argz_append=no
ac_cv_func_argz_count=no
ac_cv_func_argz_create_sep=no
ac_cv_func_argz_insert=no
ac_cv_func_argz_next=no
ac_cv_func_argz_stringify=no
ac_cv_func_closedir=yes
ac_cv_func_dlerror=yes
ac_cv_func_opendir=yes
ac_cv_func_readdir=yes
ac_cv_func_shl_load=no
ac_cv_func_strlcat=yes
ac_cv_func_strlcpy=yes
ac_cv_header_argz_h=no
ac_cv_header_dirent_h=yes
ac_cv_header_dl_h=no
ac_cv_header_dld_h=no
ac_cv_header_dlfcn_h=yes
ac_cv_header_inttypes_h=yes
ac_cv_header_mach_o_dyld_h=yes
ac_cv_header_memory_h=yes
ac_cv_header_stdc=yes
ac_cv_header_stdint_h=yes
ac_cv_header_stdlib_h=yes
ac_cv_header_string_h=yes
ac_cv_header_strings_h=yes
ac_cv_header_sys_dl_h=no
ac_cv_header_sys_stat_h=yes
ac_cv_header_sys_types_h=yes
ac_cv_header_unistd_h=yes
ac_cv_host=x86_64-apple-darwin17.5.0
ac_cv_lib_dl_dlopen=yes
ac_cv_lib_dld_dld_link=no
ac_cv_lib_dld_shl_load=no
ac_cv_objext=o
ac_cv_path_EGREP='/usr/bin/grep -E'
ac_cv_path_FGREP='/usr/bin/grep -F'
ac_cv_path_GREP=/usr/bin/grep
ac_cv_path_M4=/usr/bin/m4
ac_cv_path_SED=/usr/bin/sed
ac_cv_path_install='/usr/bin/install -c'
ac_cv_path_lt_DD=/bin/dd
ac_cv_prog_AWK=awk
ac_cv_prog_CPP='gcc -E'
ac_cv_prog_CXXCPP='g++ -E'
ac_cv_prog_ac_ct_AR=ar
ac_cv_prog_ac_ct_CC=gcc
ac_cv_prog_ac_ct_CXX=g++
ac_cv_prog_ac_ct_DSYMUTIL=dsymutil
ac_cv_prog_ac_ct_F77=gfortran
ac_cv_prog_ac_ct_FC=gfortran
ac_cv_prog_ac_ct_LIPO=lipo
ac_cv_prog_ac_ct_NMEDIT=nmedit
ac_cv_prog_ac_ct_OBJDUMP=objdump
ac_cv_prog_ac_ct_OTOOL=otool
ac_cv_prog_ac_ct_RANLIB=ranlib
ac_cv_prog_ac_ct_STRIP=strip
ac_cv_prog_cc_c89=
ac_cv_prog_cc_g=yes
ac_cv_prog_cxx_g=yes
ac_cv_prog_f77_g=yes
ac_cv_prog_fc_g=yes
ac_cv_prog_gnu_m4_debugfile=--error-output
ac_cv_prog_gnu_m4_gnu=no
ac_cv_prog_make_make_set=yes
ac_cv_search_dlopen='none required'
ac_cv_type_error_t=no
am_cv_CC_dependencies_compiler_type=gcc3
am_cv_CXX_dependencies_compiler_type=gcc3
am_cv_make_support_nested_variables=yes
am_cv_prog_cc_c_o=yes
gl_cv_c_amsterdam_compiler=no
libltdl_cv_lib_dl_dlopen=yes
libltdl_cv_need_uscore=no
libltdl_cv_preloaded_symbols=yes
libltdl_cv_shlibext=.so
libltdl_cv_shrext=.dylib
lt_cv_apple_cc_single_mod=yes
lt_cv_ar_at_file=no
lt_cv_deplibs_check_method=pass_all
lt_cv_dlopen=dlopen
lt_cv_dlopen_libs=-ldl
lt_cv_dlopen_self=yes
lt_cv_dlopen_self_static=yes
lt_cv_file_magic_cmd='$MAGIC_CMD'
lt_cv_file_magic_test_file=
lt_cv_ld_exported_symbols_list=yes
lt_cv_ld_force_load=yes
lt_cv_ld_reload_flag=-r
lt_cv_module_path_var=DYLD_LIBRARY_PATH
lt_cv_nm_interface='BSD nm'
lt_cv_objdir=.libs
lt_cv_path_LD=/Library/Developer/CommandLineTools/usr/bin/ld
lt_cv_path_LDCXX=/Library/Developer/CommandLineTools/usr/bin/ld
lt_cv_path_NM='/usr/bin/nm -B'
lt_cv_path_mainfest_tool=no
lt_cv_prog_compiler_c_o=yes
lt_cv_prog_compiler_c_o_CXX=yes
lt_cv_prog_compiler_c_o_F77=yes
lt_cv_prog_compiler_c_o_FC=yes
lt_cv_prog_compiler_c_o_RC=yes
lt_cv_prog_compiler_pic='-fno-common -DPIC'
lt_cv_prog_compiler_pic_CXX='-fno-common -DPIC'
lt_cv_prog_compiler_pic_F77=-fno-common
lt_cv_prog_compiler_pic_FC=-fno-common
lt_cv_prog_compiler_pic_works=yes
lt_cv_prog_compiler_pic_works_CXX=yes
lt_cv_prog_compiler_pic_works_F77=yes
lt_cv_prog_compiler_pic_works_FC=yes
lt_cv_prog_compiler_rtti_exceptions=yes
lt_cv_prog_compiler_static_works=no
lt_cv_prog_compiler_static_works_CXX=no
lt_cv_prog_compiler_static_works_F77=no
lt_cv_prog_compiler_static_works_FC=no
lt_cv_prog_gnu_ld=no
lt_cv_prog_gnu_ldcxx=no
lt_cv_sharedlib_from_linklib_cmd='printf %s\n'
lt_cv_sys_dlopen_deplibs=yes
lt_cv_sys_dlsearch_path='/usr/local/lib /lib /usr/lib'
lt_cv_sys_global_symbol_pipe='sed -n -e '\''s/^.*[	 ]\([BCDEGRST][BCDEGRST]*\)[	 ][	 ]*_\([_A-Za-z][_A-Za-z0-9]*\)$/\1 _\2 \2/p'\'' | sed '\''/ __gnu_lto/d'\'''
lt_cv_sys_global_symbol_to_c_name_address='sed -n -e '\''s/^: \(.*\) .*$/  {"\1", (void *) 0},/p'\'' -e '\''s/^[BCDEGRST][BCDEGRST]* .* \(.*\)$/  {"\1", (void *) \&\1},/p'\'''
lt_cv_sys_global_symbol_to_c_name_address_lib_prefix='sed -n -e '\''s/^: \(.*\) .*$/  {"\1", (void *) 0},/p'\'' -e '\''s/^[BCDEGRST][BCDEGRST]* .* \(lib.*\)$/  {"\1", (void *) \&\1},/p'\'' -e '\''s/^[BCDEGRST][BCDEGRST]* .* \(.*\)$/  {"lib\1", (void *) \&\1},/p'\'''
lt_cv_sys_global_symbol_to_cdecl='sed -n -e '\''s/^T .* \(.*\)$/extern int \1();/p'\'' -e '\''s/^[BCDEGRST][BCDEGRST]* .* \(.*\)$/extern char \1;/p'\'''
lt_cv_sys_global_symbol_to_import=
lt_cv_sys_max_cmd_len=196608
lt_cv_sys_symbol_underscore=yes
lt_cv_to_host_file_cmd=func_convert_file_noop
lt_cv_to_tool_file_cmd=func_convert_file_noop
lt_cv_truncate_bin='/bin/dd bs=4096 count=1'

## ----------------- ##
## Output variables. ##
## ----------------- ##

ACLOCAL='${SHELL} /Users/alogon/test_parrell/gcc/devel/hello/autoconf-2.69/automake-1.15/libtool-2.4.6/build-aux/missing aclocal-1.15'
AMDEPBACKSLASH='\'
AMDEP_FALSE='#'
AMDEP_TRUE=''
AMTAR='$${TAR-tar}'
AM_BACKSLASH='\'
AM_DEFAULT_V='$(AM_DEFAULT_VERBOSITY)'
AM_DEFAULT_VERBOSITY='0'
AM_V='$(V)'
AR='ar'
ARFLAGS='cru'
AS='as'
AUTOCONF='${SHELL} /Users/alogon/test_parrell/gcc/devel/hello/autoconf-2.69/automake-1.15/libtool-2.4.6/build-aux/missing autoconf'
AUTOHEADER='${SHELL} /Users/alogon/test_parrell/gcc/devel/hello/autoconf-2.69/automake-1.15/libtool-2.4.6/build-aux/missing autoheader'
AUTOM4TE='autom4te'
AUTOMAKE='${SHELL} /Users/alogon/test_parrell/gcc/devel/hello/autoconf-2.69/automake-1.15/libtool-2.4.6/build-aux/missing automake-1.15'
AUTOTEST='$(AUTOM4TE) --language=autotest'
AWK='awk'
CC='gcc'
CCDEPMODE='depmode=gcc3'
CFLAGS='-g -O2'
CONFIG_INCLUDE='config.h'
CONFIG_STATUS_DEPENDENCIES='$(srcdir)/.version'
CONVENIENCE_LTDL_FALSE=''
CONVENIENCE_LTDL_TRUE='#'
CPP='gcc -E'
CPPFLAGS=''
CXX='g++'
CXXCPP='g++ -E'
CXXDEPMODE='depmode=gcc3'
CXXFLAGS='-g -O2'
CYGPATH_W='echo'
DEFS='-DHAVE_CONFIG_H'
DEPDIR='.deps'
DLLTOOL='false'
DSYMUTIL='dsymutil'
DUMPBIN=''
ECHO_C='\c'
ECHO_N=''
ECHO_T=''
EGREP='/usr/bin/grep -E'
EXEEXT=''
F77='gfortran'
FC='gfortran'
FCFLAGS='-g -O2'
FFLAGS='-g -O2'
FGREP='/usr/bin/grep -F'
GCJ=''
GCJFLAGS='-g -O2'
GL_COND_LIBTOOL_FALSE='#'
GL_COND_LIBTOOL_TRUE=''
GL_LIBOBJS=''
GL_LTLIBOBJS=''
GLtests_LIBOBJS=''
GLtests_LTLIBOBJS=''
GLtests_WITNESS='IN_LIBTOOL_GNULIB_TESTS'
GOC=''
GREP='/usr/bin/grep'
HELP2MAN='${SHELL} /Users/alogon/test_parrell/gcc/devel/hello/autoconf-2.69/automake-1.15/libtool-2.4.6/build-aux/missing help2man'
INSTALL_DATA='${INSTALL} -m 644'
INSTALL_LTDL_FALSE='#'
INSTALL_LTDL_TRUE=''
INSTALL_PROGRAM='${INSTALL}'
INSTALL_SCRIPT='${INSTALL}'
INSTALL_STRIP_PROGRAM='$(install_sh) -c -s'
LD='/Library/Developer/CommandLineTools/usr/bin/ld'
LDFLAGS=''
LIBADD_DL=' '
LIBADD_DLD_LINK=''
LIBADD_DLOPEN=''
LIBADD_SHL_LOAD=''
LIBOBJS=' ${LIBOBJDIR}lt__argz$U.o'
LIBS=''
LIBTOOL='$(SHELL) $(top_builddir)/libtool'
LIPO='lipo'
LN_S='ln -s'
LTDLOPEN='libltdl'
LTLIBOBJS=' ${LIBOBJDIR}lt__argz$U.lo'
LT_ARGZ_H='lt__argz.h'
LT_CONFIG_H='config.h'
LT_DLLOADERS=' libltdl/dlopen.la'
LT_DLPREOPEN='-dlpreopen libltdl/dlopen.la '
LT_SYS_LIBRARY_PATH=''
M4='/usr/bin/m4'
M4_DEBUGFILE='--error-output'
M4_GNU=''
MAKEINFO='${SHELL} /Users/alogon/test_parrell/gcc/devel/hello/autoconf-2.69/automake-1.15/libtool-2.4.6/build-aux/missing makeinfo'
MANIFEST_TOOL=':'
MKDIR_P='build-aux/install-sh -c -d'
NM='/usr/bin/nm -B'
NMEDIT='nmedit'
OBJDUMP='objdump'
OBJEXT='o'
OTOOL64=':'
OTOOL='otool'
PACKAGE='libtool'
PACKAGE_BUGREPORT='bug-libtool@gnu.org'
PACKAGE_NAME='GNU Libtool'
PACKAGE_STRING='GNU Libtool 2.4.6'
PACKAGE_TARNAME='libtool'
PACKAGE_URL='http://www.gnu.org/software/libtool/'
PACKAGE_VERSION='2.4.6'
PATH_SEPARATOR=':'
RANLIB='ranlib'
RC=''
SED='/usr/bin/sed'
SET_MAKE=''
SHELL='/bin/sh'
STRIP='strip'
VERSION='2.4.6'
ac_ct_AR='ar'
ac_ct_CC='gcc'
ac_ct_CXX='g++'
ac_ct_DUMPBIN=''
ac_ct_F77='gfortran'
ac_ct_FC='gfortran'
aclocaldir='$(datadir)/aclocal'
am__EXEEXT_FALSE=''
am__EXEEXT_TRUE='#'
am__fastdepCC_FALSE='#'
am__fastdepCC_TRUE=''
am__fastdepCXX_FALSE='#'
am__fastdepCXX_TRUE=''
am__include='include'
am__isrc=''
am__leading_dot='.'
am__nodep='_no'
am__quote=''
am__tar='$${TAR-tar} chof - "$$tardir"'
am__untar='$${TAR-tar} xf -'
aux_dir='build-aux'
bindir='${exec_prefix}/bin'
build='x86_64-apple-darwin17.5.0'
build_alias=''
build_cpu='x86_64'
build_os='darwin17.5.0'
build_vendor='apple'
datadir='${datarootdir}'
datarootdir='${prefix}/share'
docdir='${datarootdir}/doc/${PACKAGE_TARNAME}'
dvidir='${docdir}'
exec_prefix='${prefix}'
host='x86_64-apple-darwin17.5.0'
host_alias=''
host_cpu='x86_64'
host_os='darwin17.5.0'
host_vendor='apple'
htmldir='${docdir}'
includedir='${prefix}/include'
infodir='${datarootdir}/info'
install_sh='${SHELL} /Users/alogon/test_parrell/gcc/devel/hello/autoconf-2.69/automake-1.15/libtool-2.4.6/build-aux/install-sh'
libdir='${exec_prefix}/lib'
libexecdir='${exec_prefix}/libexec'
localedir='${datarootdir}/locale'
localstatedir='${prefix}/var'
ltdl_dir='libltdl'
macro_dir='m4'
mandir='${datarootdir}/man'
mkdir_p='$(MKDIR_P)'
oldincludedir='/usr/include'
package_revision='2.4.6'
pdfdir='${docdir}'
pkgaux_scripts='compile config.guess config.sub depcomp install-sh missing'
pkgdatadir='$(datadir)/libtool'
prefix='/usr/local/autotools-bin'
program_transform_name='s,x,x,'
psdir='${docdir}'
sbindir='${exec_prefix}/sbin'
sharedstatedir='${prefix}/com'
sys_symbol_underscore='yes'
sysconfdir='${prefix}/etc'
target_alias=''
to_host_file_cmd='func_convert_file_noop'
to_tool_file_cmd='func_convert_file_noop'
with_aix_soname='aix'

## ----------- ##
## confdefs.h. ##
## ----------- ##

/* confdefs.h */
#define PACKAGE_NAME "GNU Libtool"
#define PACKAGE_TARNAME "libtool"
#define PACKAGE_VERSION "2.4.6"
#define PACKAGE_STRING "GNU Libtool 2.4.6"
#define PACKAGE_BUGREPORT "bug-libtool@gnu.org"
#define PACKAGE_URL "http://www.gnu.org/software/libtool/"
#define PACKAGE "libtool"
#define VERSION "2.4.6"
#define STDC_HEADERS 1
#define HAVE_SYS_TYPES_H 1
#define HAVE_SYS_STAT_H 1
#define HAVE_STDLIB_H 1
#define HAVE_STRING_H 1
#define HAVE_MEMORY_H 1
#define HAVE_STRINGS_H 1
#define HAVE_INTTYPES_H 1
#define HAVE_STDINT_H 1
#define HAVE_UNISTD_H 1
#define HAVE_DLFCN_H 1
#define LT_OBJDIR ".libs/"
#define LT_MODULE_EXT ".so"
#define LT_SHARED_EXT ".dylib"
#define LT_MODULE_PATH_VAR "DYLD_LIBRARY_PATH"
#define LT_DLSEARCH_PATH "/usr/local/lib:/lib:/usr/lib"
#define HAVE_LIBDL 1
#define HAVE_DLERROR 1
#define HAVE_LIBDLLOADER 1
#define error_t int
#define __error_t_defined 1
#define HAVE_PRELOADED_SYMBOLS 1
#define HAVE_UNISTD_H 1
#define HAVE_MACH_O_DYLD_H 1
#define HAVE_DIRENT_H 1
#define HAVE_CLOSEDIR 1
#define HAVE_OPENDIR 1
#define HAVE_READDIR 1
#define HAVE_STRLCAT 1
#define HAVE_STRLCPY 1
#define LT_LIBEXT "a"
#define LT_LIBPREFIX "lib"

configure: exit 0
